mode: set
github.com/ar4ie13/shortener/cmd/client/main.go:13.13,23.16 6 0
github.com/ar4ie13/shortener/cmd/client/main.go:23.16,24.13 1 0
github.com/ar4ie13/shortener/cmd/client/main.go:26.2,35.16 5 0
github.com/ar4ie13/shortener/cmd/client/main.go:35.16,36.13 1 0
github.com/ar4ie13/shortener/cmd/client/main.go:39.2,42.16 3 0
github.com/ar4ie13/shortener/cmd/client/main.go:42.16,43.13 1 0
github.com/ar4ie13/shortener/cmd/client/main.go:46.2,50.16 4 0
github.com/ar4ie13/shortener/cmd/client/main.go:50.16,51.13 1 0
github.com/ar4ie13/shortener/cmd/client/main.go:54.2,54.27 1 0
github.com/ar4ie13/shortener/cmd/shortener/main.go:11.13,12.30 1 0
github.com/ar4ie13/shortener/cmd/shortener/main.go:12.30,14.3 1 0
github.com/ar4ie13/shortener/cmd/shortener/main.go:17.18,25.46 6 0
github.com/ar4ie13/shortener/cmd/shortener/main.go:25.46,27.3 1 0
github.com/ar4ie13/shortener/cmd/shortener/main.go:29.2,29.12 1 0
github.com/ar4ie13/shortener/internal/config/config.go:20.26,22.2 1 1
github.com/ar4ie13/shortener/internal/config/config.go:25.44,27.2 1 1
github.com/ar4ie13/shortener/internal/config/config.go:30.52,32.17 1 1
github.com/ar4ie13/shortener/internal/config/config.go:32.17,34.3 1 1
github.com/ar4ie13/shortener/internal/config/config.go:37.2,38.16 2 1
github.com/ar4ie13/shortener/internal/config/config.go:38.16,40.3 1 0
github.com/ar4ie13/shortener/internal/config/config.go:43.2,43.63 1 1
github.com/ar4ie13/shortener/internal/config/config.go:43.63,45.3 1 1
github.com/ar4ie13/shortener/internal/config/config.go:48.2,48.26 1 1
github.com/ar4ie13/shortener/internal/config/config.go:48.26,50.3 1 1
github.com/ar4ie13/shortener/internal/config/config.go:52.2,53.12 2 1
github.com/ar4ie13/shortener/internal/config/config.go:57.31,61.59 3 1
github.com/ar4ie13/shortener/internal/config/config.go:61.59,63.3 1 0
github.com/ar4ie13/shortener/internal/config/config.go:65.2,67.14 2 1
github.com/ar4ie13/shortener/internal/config/config.go:71.46,74.2 1 1
github.com/ar4ie13/shortener/internal/config/config.go:77.47,79.2 1 1
github.com/ar4ie13/shortener/internal/service/service.go:38.40,40.2 1 1
github.com/ar4ie13/shortener/internal/service/service.go:43.52,44.14 1 1
github.com/ar4ie13/shortener/internal/service/service.go:44.14,46.3 1 1
github.com/ar4ie13/shortener/internal/service/service.go:47.2,48.16 2 1
github.com/ar4ie13/shortener/internal/service/service.go:48.16,51.3 1 1
github.com/ar4ie13/shortener/internal/service/service.go:53.2,53.16 1 1
github.com/ar4ie13/shortener/internal/service/service.go:57.67,58.19 1 1
github.com/ar4ie13/shortener/internal/service/service.go:58.19,60.3 1 1
github.com/ar4ie13/shortener/internal/service/service.go:63.2,64.16 2 1
github.com/ar4ie13/shortener/internal/service/service.go:64.16,66.3 1 0
github.com/ar4ie13/shortener/internal/service/service.go:69.2,69.63 1 1
github.com/ar4ie13/shortener/internal/service/service.go:69.63,71.3 1 0
github.com/ar4ie13/shortener/internal/service/service.go:74.2,74.26 1 1
github.com/ar4ie13/shortener/internal/service/service.go:74.26,76.3 1 0
github.com/ar4ie13/shortener/internal/service/service.go:77.2,78.16 2 1
github.com/ar4ie13/shortener/internal/service/service.go:78.16,80.3 1 0
github.com/ar4ie13/shortener/internal/service/service.go:81.2,81.45 1 1
github.com/ar4ie13/shortener/internal/service/service.go:81.45,83.3 1 1
github.com/ar4ie13/shortener/internal/service/service.go:85.2,85.16 1 1
github.com/ar4ie13/shortener/internal/service/service.go:89.51,90.17 1 1
github.com/ar4ie13/shortener/internal/service/service.go:90.17,92.3 1 1
github.com/ar4ie13/shortener/internal/service/service.go:93.2,94.26 2 1
github.com/ar4ie13/shortener/internal/service/service.go:94.26,96.3 1 1
github.com/ar4ie13/shortener/internal/service/service.go:98.2,98.30 1 1
github.com/ar4ie13/shortener/internal/repository/repository.go:16.34,21.2 1 1
github.com/ar4ie13/shortener/internal/repository/repository.go:24.56,25.37 1 1
github.com/ar4ie13/shortener/internal/repository/repository.go:25.37,27.3 1 1
github.com/ar4ie13/shortener/internal/repository/repository.go:29.2,29.32 1 1
github.com/ar4ie13/shortener/internal/repository/repository.go:33.49,34.32 1 1
github.com/ar4ie13/shortener/internal/repository/repository.go:34.32,35.15 1 1
github.com/ar4ie13/shortener/internal/repository/repository.go:35.15,37.4 1 1
github.com/ar4ie13/shortener/internal/repository/repository.go:40.2,40.14 1 1
github.com/ar4ie13/shortener/internal/repository/repository.go:44.59,45.27 1 1
github.com/ar4ie13/shortener/internal/repository/repository.go:45.27,47.3 1 1
github.com/ar4ie13/shortener/internal/repository/repository.go:48.2,48.22 1 1
github.com/ar4ie13/shortener/internal/repository/repository.go:48.22,50.3 1 1
github.com/ar4ie13/shortener/internal/repository/repository.go:51.2,53.12 2 1
github.com/ar4ie13/shortener/internal/handler/handler.go:31.47,33.2 1 1
github.com/ar4ie13/shortener/internal/handler/handler.go:36.41,39.44 3 0
github.com/ar4ie13/shortener/internal/handler/handler.go:39.44,42.3 2 0
github.com/ar4ie13/shortener/internal/handler/handler.go:43.2,44.78 2 0
github.com/ar4ie13/shortener/internal/handler/handler.go:44.78,46.3 1 0
github.com/ar4ie13/shortener/internal/handler/handler.go:48.2,48.12 1 0
github.com/ar4ie13/shortener/internal/handler/handler.go:52.66,53.23 1 1
github.com/ar4ie13/shortener/internal/handler/handler.go:53.23,56.3 2 1
github.com/ar4ie13/shortener/internal/handler/handler.go:57.2,58.34 2 1
github.com/ar4ie13/shortener/internal/handler/handler.go:58.34,61.3 2 0
github.com/ar4ie13/shortener/internal/handler/handler.go:62.2,63.16 2 1
github.com/ar4ie13/shortener/internal/handler/handler.go:63.16,67.3 3 1
github.com/ar4ie13/shortener/internal/handler/handler.go:68.2,70.48 3 1
github.com/ar4ie13/shortener/internal/handler/handler.go:70.48,72.3 1 0
github.com/ar4ie13/shortener/internal/handler/handler.go:76.74,77.43 1 1
github.com/ar4ie13/shortener/internal/handler/handler.go:77.43,80.3 2 1
github.com/ar4ie13/shortener/internal/handler/handler.go:81.2,83.16 3 1
github.com/ar4ie13/shortener/internal/handler/handler.go:83.16,87.3 3 1
github.com/ar4ie13/shortener/internal/handler/handler.go:88.2,89.45 2 1
