mode: set
github.com/ar4ie13/shortener/internal/auditor/auditor.go:28.69,33.46 2 0
github.com/ar4ie13/shortener/internal/auditor/auditor.go:33.46,35.17 2 0
github.com/ar4ie13/shortener/internal/auditor/auditor.go:35.17,37.4 1 0
github.com/ar4ie13/shortener/internal/auditor/auditor.go:38.3,39.84 2 0
github.com/ar4ie13/shortener/internal/auditor/auditor.go:41.2,41.50 1 0
github.com/ar4ie13/shortener/internal/auditor/auditor.go:41.50,45.3 3 0
github.com/ar4ie13/shortener/internal/auditor/auditor.go:46.2,46.16 1 0
github.com/ar4ie13/shortener/internal/auditor/auditor.go:50.38,52.2 1 0
github.com/ar4ie13/shortener/internal/auditor/auditor.go:55.73,56.39 1 0
github.com/ar4ie13/shortener/internal/auditor/auditor.go:56.39,58.17 2 0
github.com/ar4ie13/shortener/internal/auditor/auditor.go:58.17,60.4 1 0
github.com/ar4ie13/shortener/internal/auditor/file/fileaudit.go:22.98,24.16 2 0
github.com/ar4ie13/shortener/internal/auditor/file/fileaudit.go:24.16,26.3 1 0
github.com/ar4ie13/shortener/internal/auditor/file/fileaudit.go:27.2,30.8 1 0
github.com/ar4ie13/shortener/internal/auditor/file/fileaudit.go:34.87,43.16 3 0
github.com/ar4ie13/shortener/internal/auditor/file/fileaudit.go:43.16,45.3 1 0
github.com/ar4ie13/shortener/internal/auditor/file/fileaudit.go:47.2,48.16 2 0
github.com/ar4ie13/shortener/internal/auditor/file/fileaudit.go:48.16,50.3 1 0
github.com/ar4ie13/shortener/internal/auditor/file/fileaudit.go:51.2,52.16 2 0
github.com/ar4ie13/shortener/internal/auditor/file/fileaudit.go:52.16,54.3 1 0
github.com/ar4ie13/shortener/internal/auditor/file/fileaudit.go:55.2,55.12 1 0
github.com/ar4ie13/shortener/internal/auditor/remote/remoteaudit.go:23.98,28.2 1 0
github.com/ar4ie13/shortener/internal/auditor/remote/remoteaudit.go:31.89,40.16 3 0
github.com/ar4ie13/shortener/internal/auditor/remote/remoteaudit.go:40.16,43.3 2 0
github.com/ar4ie13/shortener/internal/auditor/remote/remoteaudit.go:45.2,47.16 3 0
github.com/ar4ie13/shortener/internal/auditor/remote/remoteaudit.go:47.16,51.3 2 0
github.com/ar4ie13/shortener/internal/auditor/remote/remoteaudit.go:52.2,55.16 3 0
github.com/ar4ie13/shortener/internal/auditor/remote/remoteaudit.go:55.16,58.3 2 0
github.com/ar4ie13/shortener/internal/auditor/remote/remoteaudit.go:59.2,60.12 2 0
github.com/ar4ie13/shortener/internal/auth/auth.go:28.42,32.2 1 0
github.com/ar4ie13/shortener/internal/auth/auth.go:35.44,37.2 1 0
github.com/ar4ie13/shortener/internal/auth/auth.go:40.66,53.16 3 0
github.com/ar4ie13/shortener/internal/auth/auth.go:53.16,55.3 1 0
github.com/ar4ie13/shortener/internal/auth/auth.go:57.2,57.25 1 0
github.com/ar4ie13/shortener/internal/auth/auth.go:61.71,63.16 2 0
github.com/ar4ie13/shortener/internal/auth/auth.go:63.16,64.42 1 0
github.com/ar4ie13/shortener/internal/auth/auth.go:64.42,66.18 2 0
github.com/ar4ie13/shortener/internal/auth/auth.go:66.18,68.5 1 0
github.com/ar4ie13/shortener/internal/auth/auth.go:69.4,70.18 2 0
github.com/ar4ie13/shortener/internal/auth/auth.go:70.18,72.5 1 0
github.com/ar4ie13/shortener/internal/auth/auth.go:73.9,75.4 1 0
github.com/ar4ie13/shortener/internal/auth/auth.go:77.2,77.67 1 0
github.com/ar4ie13/shortener/internal/auth/auth.go:77.67,79.3 1 0
github.com/ar4ie13/shortener/internal/auth/auth.go:81.2,81.18 1 0
github.com/ar4ie13/shortener/internal/auth/auth.go:81.18,83.3 1 0
github.com/ar4ie13/shortener/internal/auth/auth.go:84.2,84.29 1 0
github.com/ar4ie13/shortener/internal/auth/auth.go:88.81,90.101 2 0
github.com/ar4ie13/shortener/internal/auth/auth.go:90.101,91.58 1 0
github.com/ar4ie13/shortener/internal/auth/auth.go:91.58,93.4 1 0
github.com/ar4ie13/shortener/internal/auth/auth.go:94.3,94.39 1 0
github.com/ar4ie13/shortener/internal/auth/auth.go:96.2,96.16 1 0
github.com/ar4ie13/shortener/internal/auth/auth.go:96.16,98.3 1 0
github.com/ar4ie13/shortener/internal/auth/auth.go:99.2,99.27 1 0
github.com/ar4ie13/shortener/internal/config/config.go:48.26,53.2 3 1
github.com/ar4ie13/shortener/internal/config/config.go:56.44,58.2 1 1
github.com/ar4ie13/shortener/internal/config/config.go:61.52,63.17 1 1
github.com/ar4ie13/shortener/internal/config/config.go:63.17,65.3 1 1
github.com/ar4ie13/shortener/internal/config/config.go:68.2,69.16 2 1
github.com/ar4ie13/shortener/internal/config/config.go:69.16,71.3 1 0
github.com/ar4ie13/shortener/internal/config/config.go:74.2,74.63 1 1
github.com/ar4ie13/shortener/internal/config/config.go:74.63,76.3 1 1
github.com/ar4ie13/shortener/internal/config/config.go:79.2,79.26 1 1
github.com/ar4ie13/shortener/internal/config/config.go:79.26,81.3 1 1
github.com/ar4ie13/shortener/internal/config/config.go:83.2,84.12 2 1
github.com/ar4ie13/shortener/internal/config/config.go:93.36,95.2 1 1
github.com/ar4ie13/shortener/internal/config/config.go:98.44,100.16 2 1
github.com/ar4ie13/shortener/internal/config/config.go:100.16,102.3 1 0
github.com/ar4ie13/shortener/internal/config/config.go:103.2,104.12 2 1
github.com/ar4ie13/shortener/internal/config/config.go:108.31,130.58 20 1
github.com/ar4ie13/shortener/internal/config/config.go:130.58,132.3 1 0
github.com/ar4ie13/shortener/internal/config/config.go:134.2,134.64 1 1
github.com/ar4ie13/shortener/internal/config/config.go:134.64,136.3 1 0
github.com/ar4ie13/shortener/internal/config/config.go:138.2,140.65 2 1
github.com/ar4ie13/shortener/internal/config/config.go:140.65,141.69 1 0
github.com/ar4ie13/shortener/internal/config/config.go:141.69,143.59 2 0
github.com/ar4ie13/shortener/internal/config/config.go:143.59,145.5 1 0
github.com/ar4ie13/shortener/internal/config/config.go:147.3,147.33 1 0
github.com/ar4ie13/shortener/internal/config/config.go:150.2,150.53 1 1
github.com/ar4ie13/shortener/internal/config/config.go:150.53,152.17 2 0
github.com/ar4ie13/shortener/internal/config/config.go:152.17,154.4 1 0
github.com/ar4ie13/shortener/internal/config/config.go:157.2,157.62 1 1
github.com/ar4ie13/shortener/internal/config/config.go:157.62,159.17 2 0
github.com/ar4ie13/shortener/internal/config/config.go:159.17,161.4 1 0
github.com/ar4ie13/shortener/internal/config/config.go:164.2,164.70 1 1
github.com/ar4ie13/shortener/internal/config/config.go:164.70,166.3 1 0
github.com/ar4ie13/shortener/internal/config/config.go:168.2,168.65 1 1
github.com/ar4ie13/shortener/internal/config/config.go:168.65,170.3 1 0
github.com/ar4ie13/shortener/internal/config/config.go:172.2,172.59 1 1
github.com/ar4ie13/shortener/internal/config/config.go:172.59,174.3 1 0
github.com/ar4ie13/shortener/internal/config/config.go:176.2,176.83 1 1
github.com/ar4ie13/shortener/internal/config/config.go:176.83,178.17 2 0
github.com/ar4ie13/shortener/internal/config/config.go:178.17,180.4 1 0
github.com/ar4ie13/shortener/internal/config/config.go:184.2,184.67 1 1
github.com/ar4ie13/shortener/internal/config/config.go:184.67,186.3 1 0
github.com/ar4ie13/shortener/internal/config/config.go:188.2,188.64 1 1
github.com/ar4ie13/shortener/internal/config/config.go:188.64,190.3 1 0
github.com/ar4ie13/shortener/internal/config/config.go:194.69,196.16 2 0
github.com/ar4ie13/shortener/internal/config/config.go:196.16,198.3 1 0
github.com/ar4ie13/shortener/internal/config/config.go:199.2,202.45 4 0
github.com/ar4ie13/shortener/internal/config/config.go:202.45,204.3 1 0
github.com/ar4ie13/shortener/internal/config/config.go:205.2,205.12 1 0
github.com/ar4ie13/shortener/internal/config/config.go:209.46,211.2 1 1
github.com/ar4ie13/shortener/internal/config/config.go:214.47,216.2 1 1
github.com/ar4ie13/shortener/internal/config/config.go:219.46,221.2 1 0
github.com/ar4ie13/shortener/internal/handlers/auth.go:17.65,18.71 1 0
github.com/ar4ie13/shortener/internal/handlers/auth.go:18.71,25.34 3 0
github.com/ar4ie13/shortener/internal/handlers/auth.go:25.34,29.18 3 0
github.com/ar4ie13/shortener/internal/handlers/auth.go:29.18,32.5 2 0
github.com/ar4ie13/shortener/internal/handlers/auth.go:33.4,40.6 1 0
github.com/ar4ie13/shortener/internal/handlers/auth.go:41.9,44.18 2 0
github.com/ar4ie13/shortener/internal/handlers/auth.go:44.18,48.5 3 0
github.com/ar4ie13/shortener/internal/handlers/auth.go:50.3,52.40 3 0
github.com/ar4ie13/shortener/internal/handlers/gzip.go:16.63,21.2 1 0
github.com/ar4ie13/shortener/internal/handlers/gzip.go:23.47,25.2 1 0
github.com/ar4ie13/shortener/internal/handlers/gzip.go:27.55,29.2 1 0
github.com/ar4ie13/shortener/internal/handlers/gzip.go:31.54,34.2 2 0
github.com/ar4ie13/shortener/internal/handlers/gzip.go:36.40,38.2 1 0
github.com/ar4ie13/shortener/internal/handlers/gzip.go:46.66,48.16 2 0
github.com/ar4ie13/shortener/internal/handlers/gzip.go:48.16,50.3 1 0
github.com/ar4ie13/shortener/internal/handlers/gzip.go:51.2,54.8 1 0
github.com/ar4ie13/shortener/internal/handlers/gzip.go:57.60,59.2 1 0
github.com/ar4ie13/shortener/internal/handlers/gzip.go:61.40,62.36 1 0
github.com/ar4ie13/shortener/internal/handlers/gzip.go:62.36,64.3 1 0
github.com/ar4ie13/shortener/internal/handlers/gzip.go:65.2,65.21 1 0
github.com/ar4ie13/shortener/internal/handlers/gzip.go:69.65,70.71 1 0
github.com/ar4ie13/shortener/internal/handlers/gzip.go:70.71,76.19 4 0
github.com/ar4ie13/shortener/internal/handlers/gzip.go:76.19,80.4 3 0
github.com/ar4ie13/shortener/internal/handlers/gzip.go:83.3,85.16 3 0
github.com/ar4ie13/shortener/internal/handlers/gzip.go:85.16,87.18 2 0
github.com/ar4ie13/shortener/internal/handlers/gzip.go:87.18,92.5 3 0
github.com/ar4ie13/shortener/internal/handlers/gzip.go:93.4,94.20 2 0
github.com/ar4ie13/shortener/internal/handlers/gzip.go:97.3,97.24 1 0
github.com/ar4ie13/shortener/internal/handlers/handlers.go:70.87,72.2 1 0
github.com/ar4ie13/shortener/internal/handlers/handlers.go:75.41,79.39 2 0
github.com/ar4ie13/shortener/internal/handlers/handlers.go:79.39,81.3 1 0
github.com/ar4ie13/shortener/internal/handlers/handlers.go:84.2,84.39 1 0
github.com/ar4ie13/shortener/internal/handlers/handlers.go:84.39,91.45 4 0
github.com/ar4ie13/shortener/internal/handlers/handlers.go:91.45,95.49 4 0
github.com/ar4ie13/shortener/internal/handlers/handlers.go:95.49,100.5 4 0
github.com/ar4ie13/shortener/internal/handlers/handlers.go:104.2,106.80 2 0
github.com/ar4ie13/shortener/internal/handlers/handlers.go:106.80,108.3 1 0
github.com/ar4ie13/shortener/internal/handlers/handlers.go:110.2,110.12 1 0
github.com/ar4ie13/shortener/internal/handlers/handlers.go:114.77,116.16 2 0
github.com/ar4ie13/shortener/internal/handlers/handlers.go:116.16,119.3 2 0
github.com/ar4ie13/shortener/internal/handlers/handlers.go:121.2,121.22 1 0
github.com/ar4ie13/shortener/internal/handlers/handlers.go:125.47,127.51 1 0
github.com/ar4ie13/shortener/internal/handlers/handlers.go:127.51,129.3 1 0
github.com/ar4ie13/shortener/internal/handlers/handlers.go:132.2,132.46 1 0
github.com/ar4ie13/shortener/internal/handlers/handlers.go:132.46,133.30 1 0
github.com/ar4ie13/shortener/internal/handlers/handlers.go:133.30,135.4 1 0
github.com/ar4ie13/shortener/internal/handlers/handlers.go:138.2,138.39 1 0
github.com/ar4ie13/shortener/internal/handlers/handlers.go:142.66,144.16 2 0
github.com/ar4ie13/shortener/internal/handlers/handlers.go:144.16,146.3 1 0
github.com/ar4ie13/shortener/internal/handlers/handlers.go:148.2,149.34 2 0
github.com/ar4ie13/shortener/internal/handlers/handlers.go:149.34,152.3 2 0
github.com/ar4ie13/shortener/internal/handlers/handlers.go:154.2,155.16 2 0
github.com/ar4ie13/shortener/internal/handlers/handlers.go:155.16,157.21 2 0
github.com/ar4ie13/shortener/internal/handlers/handlers.go:158.28,161.18 3 0
github.com/ar4ie13/shortener/internal/handlers/handlers.go:161.18,164.5 2 0
github.com/ar4ie13/shortener/internal/handlers/handlers.go:165.4,165.10 1 0
github.com/ar4ie13/shortener/internal/handlers/handlers.go:166.30,168.10 2 0
github.com/ar4ie13/shortener/internal/handlers/handlers.go:171.3,173.9 3 0
github.com/ar4ie13/shortener/internal/handlers/handlers.go:176.2,178.48 3 0
github.com/ar4ie13/shortener/internal/handlers/handlers.go:178.48,180.3 1 0
github.com/ar4ie13/shortener/internal/handlers/handlers.go:182.2,182.54 1 0
github.com/ar4ie13/shortener/internal/handlers/handlers.go:185.70,187.16 2 0
github.com/ar4ie13/shortener/internal/handlers/handlers.go:187.16,189.3 1 0
github.com/ar4ie13/shortener/internal/handlers/handlers.go:191.2,191.56 1 0
github.com/ar4ie13/shortener/internal/handlers/handlers.go:191.56,193.3 1 0
github.com/ar4ie13/shortener/internal/handlers/handlers.go:195.2,197.26 3 0
github.com/ar4ie13/shortener/internal/handlers/handlers.go:197.26,200.3 2 0
github.com/ar4ie13/shortener/internal/handlers/handlers.go:202.2,205.40 4 0
github.com/ar4ie13/shortener/internal/handlers/handlers.go:205.40,209.3 3 0
github.com/ar4ie13/shortener/internal/handlers/handlers.go:210.2,213.16 3 0
github.com/ar4ie13/shortener/internal/handlers/handlers.go:213.16,215.21 2 0
github.com/ar4ie13/shortener/internal/handlers/handlers.go:216.28,224.42 5 0
github.com/ar4ie13/shortener/internal/handlers/handlers.go:224.42,228.5 3 0
github.com/ar4ie13/shortener/internal/handlers/handlers.go:229.4,229.10 1 0
github.com/ar4ie13/shortener/internal/handlers/handlers.go:230.30,232.10 2 0
github.com/ar4ie13/shortener/internal/handlers/handlers.go:235.3,237.9 3 0
github.com/ar4ie13/shortener/internal/handlers/handlers.go:240.2,247.40 5 0
github.com/ar4ie13/shortener/internal/handlers/handlers.go:247.40,251.3 3 0
github.com/ar4ie13/shortener/internal/handlers/handlers.go:253.2,253.53 1 0
github.com/ar4ie13/shortener/internal/handlers/handlers.go:257.65,260.16 2 0
github.com/ar4ie13/shortener/internal/handlers/handlers.go:260.16,262.3 1 0
github.com/ar4ie13/shortener/internal/handlers/handlers.go:264.2,266.16 3 0
github.com/ar4ie13/shortener/internal/handlers/handlers.go:266.16,270.3 3 0
github.com/ar4ie13/shortener/internal/handlers/handlers.go:271.2,274.44 3 0
github.com/ar4ie13/shortener/internal/handlers/handlers.go:278.82,280.16 2 0
github.com/ar4ie13/shortener/internal/handlers/handlers.go:280.16,283.3 2 0
github.com/ar4ie13/shortener/internal/handlers/handlers.go:284.2,284.30 1 0
github.com/ar4ie13/shortener/internal/handlers/handlers.go:288.75,290.16 2 0
github.com/ar4ie13/shortener/internal/handlers/handlers.go:290.16,293.3 2 0
github.com/ar4ie13/shortener/internal/handlers/handlers.go:296.2,296.68 1 0
github.com/ar4ie13/shortener/internal/handlers/handlers.go:296.68,297.58 1 0
github.com/ar4ie13/shortener/internal/handlers/handlers.go:297.58,300.4 2 0
github.com/ar4ie13/shortener/internal/handlers/handlers.go:303.2,306.61 3 0
github.com/ar4ie13/shortener/internal/handlers/handlers.go:306.61,310.3 3 0
github.com/ar4ie13/shortener/internal/handlers/handlers.go:312.2,312.19 1 0
github.com/ar4ie13/shortener/internal/handlers/handlers.go:312.19,315.3 2 0
github.com/ar4ie13/shortener/internal/handlers/handlers.go:318.2,319.21 2 0
github.com/ar4ie13/shortener/internal/handlers/handlers.go:319.21,324.3 1 0
github.com/ar4ie13/shortener/internal/handlers/handlers.go:326.2,327.16 2 0
github.com/ar4ie13/shortener/internal/handlers/handlers.go:327.16,330.51 3 0
github.com/ar4ie13/shortener/internal/handlers/handlers.go:330.51,332.4 1 0
github.com/ar4ie13/shortener/internal/handlers/handlers.go:333.3,333.9 1 0
github.com/ar4ie13/shortener/internal/handlers/handlers.go:337.2,339.29 3 0
github.com/ar4ie13/shortener/internal/handlers/handlers.go:339.29,344.3 1 0
github.com/ar4ie13/shortener/internal/handlers/handlers.go:346.2,349.56 3 0
github.com/ar4ie13/shortener/internal/handlers/handlers.go:349.56,352.3 1 0
github.com/ar4ie13/shortener/internal/handlers/handlers.go:356.75,358.16 2 0
github.com/ar4ie13/shortener/internal/handlers/handlers.go:358.16,360.3 1 0
github.com/ar4ie13/shortener/internal/handlers/handlers.go:362.2,363.16 2 0
github.com/ar4ie13/shortener/internal/handlers/handlers.go:363.16,365.21 2 0
github.com/ar4ie13/shortener/internal/handlers/handlers.go:366.30,368.10 2 0
github.com/ar4ie13/shortener/internal/handlers/handlers.go:370.29,372.10 2 0
github.com/ar4ie13/shortener/internal/handlers/handlers.go:375.3,377.9 3 0
github.com/ar4ie13/shortener/internal/handlers/handlers.go:380.2,382.30 2 0
github.com/ar4ie13/shortener/internal/handlers/handlers.go:382.30,384.3 1 0
github.com/ar4ie13/shortener/internal/handlers/handlers.go:386.2,389.40 4 0
github.com/ar4ie13/shortener/internal/handlers/handlers.go:389.40,393.3 3 0
github.com/ar4ie13/shortener/internal/handlers/handlers.go:397.78,399.16 2 0
github.com/ar4ie13/shortener/internal/handlers/handlers.go:399.16,402.3 2 0
github.com/ar4ie13/shortener/internal/handlers/handlers.go:404.2,405.16 2 0
github.com/ar4ie13/shortener/internal/handlers/handlers.go:405.16,409.3 3 0
github.com/ar4ie13/shortener/internal/handlers/handlers.go:410.2,417.16 4 0
github.com/ar4ie13/shortener/internal/handlers/handlers.go:417.16,421.3 3 0
github.com/ar4ie13/shortener/internal/handlers/handlers.go:423.2,425.36 2 0
github.com/ar4ie13/shortener/internal/handlers/logger.go:22.62,26.2 3 0
github.com/ar4ie13/shortener/internal/handlers/logger.go:29.61,32.2 2 0
github.com/ar4ie13/shortener/internal/handlers/logger.go:35.64,36.71 1 0
github.com/ar4ie13/shortener/internal/handlers/logger.go:36.71,60.3 5 0
github.com/ar4ie13/shortener/internal/logger/logger.go:17.45,24.2 1 0
github.com/ar4ie13/shortener/internal/repository/repository.go:29.31,30.9 1 0
github.com/ar4ie13/shortener/internal/repository/repository.go:31.31,33.17 2 0
github.com/ar4ie13/shortener/internal/repository/repository.go:33.17,35.4 1 0
github.com/ar4ie13/shortener/internal/repository/repository.go:36.3,38.17 3 0
github.com/ar4ie13/shortener/internal/repository/repository.go:38.17,40.4 1 0
github.com/ar4ie13/shortener/internal/repository/repository.go:41.3,42.17 2 0
github.com/ar4ie13/shortener/internal/repository/repository.go:43.31,46.17 3 0
github.com/ar4ie13/shortener/internal/repository/repository.go:46.17,48.4 1 0
github.com/ar4ie13/shortener/internal/repository/repository.go:49.3,50.24 2 0
github.com/ar4ie13/shortener/internal/repository/repository.go:51.10,53.37 2 0
github.com/ar4ie13/shortener/internal/repository/db/postgresql/db.go:29.86,31.16 2 0
github.com/ar4ie13/shortener/internal/repository/db/postgresql/db.go:31.16,33.3 1 0
github.com/ar4ie13/shortener/internal/repository/db/postgresql/db.go:34.2,37.8 1 0
github.com/ar4ie13/shortener/internal/repository/db/postgresql/db.go:41.78,43.16 2 0
github.com/ar4ie13/shortener/internal/repository/db/postgresql/db.go:43.16,45.3 1 0
github.com/ar4ie13/shortener/internal/repository/db/postgresql/db.go:46.2,47.16 2 0
github.com/ar4ie13/shortener/internal/repository/db/postgresql/db.go:47.16,49.3 1 0
github.com/ar4ie13/shortener/internal/repository/db/postgresql/db.go:50.2,50.38 1 0
github.com/ar4ie13/shortener/internal/repository/db/postgresql/db.go:50.38,52.3 1 0
github.com/ar4ie13/shortener/internal/repository/db/postgresql/db.go:53.2,53.18 1 0
github.com/ar4ie13/shortener/internal/repository/db/postgresql/db.go:57.29,60.2 2 0
github.com/ar4ie13/shortener/internal/repository/db/postgresql/db.go:63.97,68.15 3 0
github.com/ar4ie13/shortener/internal/repository/db/postgresql/db.go:68.15,71.3 2 0
github.com/ar4ie13/shortener/internal/repository/db/postgresql/db.go:73.2,76.16 3 0
github.com/ar4ie13/shortener/internal/repository/db/postgresql/db.go:76.16,77.10 1 0
github.com/ar4ie13/shortener/internal/repository/db/postgresql/db.go:78.38,79.35 1 0
github.com/ar4ie13/shortener/internal/repository/db/postgresql/db.go:80.11,81.67 1 0
github.com/ar4ie13/shortener/internal/repository/db/postgresql/db.go:85.2,85.22 1 0
github.com/ar4ie13/shortener/internal/repository/db/postgresql/db.go:89.92,94.15 4 0
github.com/ar4ie13/shortener/internal/repository/db/postgresql/db.go:94.15,97.3 2 0
github.com/ar4ie13/shortener/internal/repository/db/postgresql/db.go:99.2,102.16 3 0
github.com/ar4ie13/shortener/internal/repository/db/postgresql/db.go:102.16,103.10 1 0
github.com/ar4ie13/shortener/internal/repository/db/postgresql/db.go:104.38,105.35 1 0
github.com/ar4ie13/shortener/internal/repository/db/postgresql/db.go:106.11,107.67 1 0
github.com/ar4ie13/shortener/internal/repository/db/postgresql/db.go:110.2,110.15 1 0
github.com/ar4ie13/shortener/internal/repository/db/postgresql/db.go:110.15,112.3 1 0
github.com/ar4ie13/shortener/internal/repository/db/postgresql/db.go:114.2,114.25 1 0
github.com/ar4ie13/shortener/internal/repository/db/postgresql/db.go:118.104,120.41 1 0
github.com/ar4ie13/shortener/internal/repository/db/postgresql/db.go:120.41,122.3 1 0
github.com/ar4ie13/shortener/internal/repository/db/postgresql/db.go:124.2,129.15 3 0
github.com/ar4ie13/shortener/internal/repository/db/postgresql/db.go:129.15,132.3 2 0
github.com/ar4ie13/shortener/internal/repository/db/postgresql/db.go:134.2,135.16 2 0
github.com/ar4ie13/shortener/internal/repository/db/postgresql/db.go:135.16,137.72 2 0
github.com/ar4ie13/shortener/internal/repository/db/postgresql/db.go:137.72,138.11 1 0
github.com/ar4ie13/shortener/internal/repository/db/postgresql/db.go:139.64,140.90 1 0
github.com/ar4ie13/shortener/internal/repository/db/postgresql/db.go:141.61,142.92 1 0
github.com/ar4ie13/shortener/internal/repository/db/postgresql/db.go:145.3,145.51 1 0
github.com/ar4ie13/shortener/internal/repository/db/postgresql/db.go:148.2,150.12 2 0
github.com/ar4ie13/shortener/internal/repository/db/postgresql/db.go:154.91,158.26 3 0
github.com/ar4ie13/shortener/internal/repository/db/postgresql/db.go:158.26,166.3 2 0
github.com/ar4ie13/shortener/internal/repository/db/postgresql/db.go:168.2,171.26 3 0
github.com/ar4ie13/shortener/internal/repository/db/postgresql/db.go:171.26,173.17 2 0
github.com/ar4ie13/shortener/internal/repository/db/postgresql/db.go:173.17,175.73 2 0
github.com/ar4ie13/shortener/internal/repository/db/postgresql/db.go:175.73,177.5 1 0
github.com/ar4ie13/shortener/internal/repository/db/postgresql/db.go:178.4,178.54 1 0
github.com/ar4ie13/shortener/internal/repository/db/postgresql/db.go:182.2,182.24 1 0
github.com/ar4ie13/shortener/internal/repository/db/postgresql/db.go:186.100,190.15 3 0
github.com/ar4ie13/shortener/internal/repository/db/postgresql/db.go:190.15,193.3 2 0
github.com/ar4ie13/shortener/internal/repository/db/postgresql/db.go:195.2,196.16 2 0
github.com/ar4ie13/shortener/internal/repository/db/postgresql/db.go:196.16,198.3 1 0
github.com/ar4ie13/shortener/internal/repository/db/postgresql/db.go:200.2,201.18 2 0
github.com/ar4ie13/shortener/internal/repository/db/postgresql/db.go:201.18,206.17 4 0
github.com/ar4ie13/shortener/internal/repository/db/postgresql/db.go:206.17,208.4 1 0
github.com/ar4ie13/shortener/internal/repository/db/postgresql/db.go:209.3,209.40 1 0
github.com/ar4ie13/shortener/internal/repository/db/postgresql/db.go:212.2,213.16 2 0
github.com/ar4ie13/shortener/internal/repository/db/postgresql/db.go:213.16,215.3 1 0
github.com/ar4ie13/shortener/internal/repository/db/postgresql/db.go:217.2,217.29 1 0
github.com/ar4ie13/shortener/internal/repository/db/postgresql/db.go:217.29,219.3 1 0
github.com/ar4ie13/shortener/internal/repository/db/postgresql/db.go:221.2,221.27 1 0
github.com/ar4ie13/shortener/internal/repository/db/postgresql/db.go:225.104,230.33 3 0
github.com/ar4ie13/shortener/internal/repository/db/postgresql/db.go:230.33,232.3 1 0
github.com/ar4ie13/shortener/internal/repository/db/postgresql/db.go:234.2,236.38 3 0
github.com/ar4ie13/shortener/internal/repository/db/postgresql/db.go:236.38,237.20 1 0
github.com/ar4ie13/shortener/internal/repository/db/postgresql/db.go:237.20,243.4 2 0
github.com/ar4ie13/shortener/internal/repository/db/postgresql/db.go:246.2,249.30 3 0
github.com/ar4ie13/shortener/internal/repository/db/postgresql/db.go:249.30,251.17 2 0
github.com/ar4ie13/shortener/internal/repository/db/postgresql/db.go:251.17,253.4 1 0
github.com/ar4ie13/shortener/internal/repository/db/postgresql/db.go:256.2,256.24 1 0
github.com/ar4ie13/shortener/internal/repository/db/postgresql/migrations.go:22.70,24.16 2 0
github.com/ar4ie13/shortener/internal/repository/db/postgresql/migrations.go:24.16,26.3 1 0
github.com/ar4ie13/shortener/internal/repository/db/postgresql/migrations.go:28.2,30.16 3 0
github.com/ar4ie13/shortener/internal/repository/db/postgresql/migrations.go:30.16,32.3 1 0
github.com/ar4ie13/shortener/internal/repository/db/postgresql/migrations.go:33.2,33.15 1 0
github.com/ar4ie13/shortener/internal/repository/db/postgresql/migrations.go:33.15,34.39 1 0
github.com/ar4ie13/shortener/internal/repository/db/postgresql/migrations.go:34.39,36.4 1 0
github.com/ar4ie13/shortener/internal/repository/db/postgresql/migrations.go:39.2,40.16 2 0
github.com/ar4ie13/shortener/internal/repository/db/postgresql/migrations.go:40.16,42.3 1 0
github.com/ar4ie13/shortener/internal/repository/db/postgresql/migrations.go:44.2,44.30 1 0
github.com/ar4ie13/shortener/internal/repository/db/postgresql/migrations.go:44.30,45.43 1 0
github.com/ar4ie13/shortener/internal/repository/db/postgresql/migrations.go:45.43,47.4 1 0
github.com/ar4ie13/shortener/internal/repository/db/postgresql/migrations.go:48.3,49.13 2 0
github.com/ar4ie13/shortener/internal/repository/db/postgresql/migrations.go:51.2,53.12 2 0
github.com/ar4ie13/shortener/internal/repository/filestorage/filestorage.go:28.81,36.2 1 0
github.com/ar4ie13/shortener/internal/repository/filestorage/filestorage.go:39.37,41.16 2 0
github.com/ar4ie13/shortener/internal/repository/filestorage/filestorage.go:41.16,43.3 1 0
github.com/ar4ie13/shortener/internal/repository/filestorage/filestorage.go:45.2,45.12 1 0
github.com/ar4ie13/shortener/internal/repository/filestorage/filestorage.go:49.85,51.16 2 0
github.com/ar4ie13/shortener/internal/repository/filestorage/filestorage.go:51.16,53.3 1 0
github.com/ar4ie13/shortener/internal/repository/filestorage/filestorage.go:55.2,55.21 1 0
github.com/ar4ie13/shortener/internal/repository/filestorage/filestorage.go:59.93,61.16 2 0
github.com/ar4ie13/shortener/internal/repository/filestorage/filestorage.go:61.16,63.3 1 0
github.com/ar4ie13/shortener/internal/repository/filestorage/filestorage.go:65.2,65.18 1 0
github.com/ar4ie13/shortener/internal/repository/filestorage/filestorage.go:69.105,70.64 1 0
github.com/ar4ie13/shortener/internal/repository/filestorage/filestorage.go:70.64,72.3 1 0
github.com/ar4ie13/shortener/internal/repository/filestorage/filestorage.go:74.2,74.58 1 0
github.com/ar4ie13/shortener/internal/repository/filestorage/filestorage.go:74.58,76.3 1 0
github.com/ar4ie13/shortener/internal/repository/filestorage/filestorage.go:78.2,78.12 1 0
github.com/ar4ie13/shortener/internal/repository/filestorage/filestorage.go:82.85,93.16 9 0
github.com/ar4ie13/shortener/internal/repository/filestorage/filestorage.go:93.16,95.3 1 0
github.com/ar4ie13/shortener/internal/repository/filestorage/filestorage.go:96.2,99.16 3 0
github.com/ar4ie13/shortener/internal/repository/filestorage/filestorage.go:99.16,101.3 1 0
github.com/ar4ie13/shortener/internal/repository/filestorage/filestorage.go:102.2,103.16 2 0
github.com/ar4ie13/shortener/internal/repository/filestorage/filestorage.go:103.16,105.3 1 0
github.com/ar4ie13/shortener/internal/repository/filestorage/filestorage.go:106.2,107.16 2 0
github.com/ar4ie13/shortener/internal/repository/filestorage/filestorage.go:107.16,109.3 1 0
github.com/ar4ie13/shortener/internal/repository/filestorage/filestorage.go:111.2,111.12 1 0
github.com/ar4ie13/shortener/internal/repository/filestorage/filestorage.go:115.41,120.16 4 0
github.com/ar4ie13/shortener/internal/repository/filestorage/filestorage.go:120.16,121.25 1 0
github.com/ar4ie13/shortener/internal/repository/filestorage/filestorage.go:121.25,124.4 1 0
github.com/ar4ie13/shortener/internal/repository/filestorage/filestorage.go:125.3,125.13 1 0
github.com/ar4ie13/shortener/internal/repository/filestorage/filestorage.go:128.2,128.20 1 0
github.com/ar4ie13/shortener/internal/repository/filestorage/filestorage.go:128.20,130.3 1 0
github.com/ar4ie13/shortener/internal/repository/filestorage/filestorage.go:132.2,135.6 3 0
github.com/ar4ie13/shortener/internal/repository/filestorage/filestorage.go:135.6,139.17 2 0
github.com/ar4ie13/shortener/internal/repository/filestorage/filestorage.go:139.17,141.28 1 0
github.com/ar4ie13/shortener/internal/repository/filestorage/filestorage.go:141.28,142.10 1 0
github.com/ar4ie13/shortener/internal/repository/filestorage/filestorage.go:144.4,145.14 2 0
github.com/ar4ie13/shortener/internal/repository/filestorage/filestorage.go:147.3,147.62 1 0
github.com/ar4ie13/shortener/internal/repository/filestorage/filestorage.go:147.62,149.4 1 0
github.com/ar4ie13/shortener/internal/repository/filestorage/filestorage.go:150.3,150.63 1 0
github.com/ar4ie13/shortener/internal/repository/filestorage/filestorage.go:150.63,152.4 1 0
github.com/ar4ie13/shortener/internal/repository/filestorage/filestorage.go:154.3,160.132 7 0
github.com/ar4ie13/shortener/internal/repository/filestorage/filestorage.go:164.2,165.12 2 0
github.com/ar4ie13/shortener/internal/repository/filestorage/filestorage.go:169.100,173.16 4 0
github.com/ar4ie13/shortener/internal/repository/filestorage/filestorage.go:173.16,175.3 1 0
github.com/ar4ie13/shortener/internal/repository/filestorage/filestorage.go:177.2,178.16 2 0
github.com/ar4ie13/shortener/internal/repository/filestorage/filestorage.go:178.16,180.3 1 0
github.com/ar4ie13/shortener/internal/repository/filestorage/filestorage.go:181.2,183.23 2 0
github.com/ar4ie13/shortener/internal/repository/filestorage/filestorage.go:183.23,191.17 7 0
github.com/ar4ie13/shortener/internal/repository/filestorage/filestorage.go:191.17,193.4 1 0
github.com/ar4ie13/shortener/internal/repository/filestorage/filestorage.go:194.3,195.17 2 0
github.com/ar4ie13/shortener/internal/repository/filestorage/filestorage.go:195.17,197.4 1 0
github.com/ar4ie13/shortener/internal/repository/filestorage/filestorage.go:198.3,199.17 2 0
github.com/ar4ie13/shortener/internal/repository/filestorage/filestorage.go:199.17,201.4 1 0
github.com/ar4ie13/shortener/internal/repository/filestorage/filestorage.go:204.2,204.12 1 0
github.com/ar4ie13/shortener/internal/repository/filestorage/filestorage.go:208.109,210.16 2 0
github.com/ar4ie13/shortener/internal/repository/filestorage/filestorage.go:210.16,212.3 1 0
github.com/ar4ie13/shortener/internal/repository/filestorage/filestorage.go:213.2,213.20 1 0
github.com/ar4ie13/shortener/internal/repository/filestorage/filestorage.go:217.113,219.16 2 0
github.com/ar4ie13/shortener/internal/repository/filestorage/filestorage.go:219.16,221.3 1 0
github.com/ar4ie13/shortener/internal/repository/filestorage/filestorage.go:222.2,226.16 4 0
github.com/ar4ie13/shortener/internal/repository/filestorage/filestorage.go:226.16,228.3 1 0
github.com/ar4ie13/shortener/internal/repository/filestorage/filestorage.go:229.2,231.46 2 0
github.com/ar4ie13/shortener/internal/repository/filestorage/filestorage.go:231.46,232.36 1 0
github.com/ar4ie13/shortener/internal/repository/filestorage/filestorage.go:232.36,234.46 2 0
github.com/ar4ie13/shortener/internal/repository/filestorage/filestorage.go:234.46,235.25 1 0
github.com/ar4ie13/shortener/internal/repository/filestorage/filestorage.go:235.25,238.6 2 0
github.com/ar4ie13/shortener/internal/repository/filestorage/filestorage.go:241.4,245.18 4 0
github.com/ar4ie13/shortener/internal/repository/filestorage/filestorage.go:245.18,247.5 1 0
github.com/ar4ie13/shortener/internal/repository/filestorage/filestorage.go:248.4,249.18 2 0
github.com/ar4ie13/shortener/internal/repository/filestorage/filestorage.go:249.18,251.5 1 0
github.com/ar4ie13/shortener/internal/repository/filestorage/filestorage.go:252.4,253.18 2 0
github.com/ar4ie13/shortener/internal/repository/filestorage/filestorage.go:253.18,255.5 1 0
github.com/ar4ie13/shortener/internal/repository/filestorage/filestorage.go:259.2,259.12 1 0
github.com/ar4ie13/shortener/internal/repository/memory/memory.go:40.34,49.2 1 0
github.com/ar4ie13/shortener/internal/repository/memory/memory.go:52.84,53.46 1 0
github.com/ar4ie13/shortener/internal/repository/memory/memory.go:53.46,54.43 1 0
github.com/ar4ie13/shortener/internal/repository/memory/memory.go:54.43,56.4 1 0
github.com/ar4ie13/shortener/internal/repository/memory/memory.go:56.9,58.4 1 0
github.com/ar4ie13/shortener/internal/repository/memory/memory.go:61.2,61.33 1 0
github.com/ar4ie13/shortener/internal/repository/memory/memory.go:65.92,66.48 1 0
github.com/ar4ie13/shortener/internal/repository/memory/memory.go:66.48,67.37 1 0
github.com/ar4ie13/shortener/internal/repository/memory/memory.go:67.37,69.4 1 0
github.com/ar4ie13/shortener/internal/repository/memory/memory.go:73.2,73.33 1 0
github.com/ar4ie13/shortener/internal/repository/memory/memory.go:77.52,78.40 1 0
github.com/ar4ie13/shortener/internal/repository/memory/memory.go:78.40,79.37 1 0
github.com/ar4ie13/shortener/internal/repository/memory/memory.go:79.37,81.4 1 0
github.com/ar4ie13/shortener/internal/repository/memory/memory.go:85.2,85.14 1 0
github.com/ar4ie13/shortener/internal/repository/memory/memory.go:89.62,90.46 1 0
github.com/ar4ie13/shortener/internal/repository/memory/memory.go:90.46,91.44 1 0
github.com/ar4ie13/shortener/internal/repository/memory/memory.go:91.44,93.4 1 0
github.com/ar4ie13/shortener/internal/repository/memory/memory.go:96.2,96.14 1 0
github.com/ar4ie13/shortener/internal/repository/memory/memory.go:100.104,102.33 1 0
github.com/ar4ie13/shortener/internal/repository/memory/memory.go:102.33,104.3 1 0
github.com/ar4ie13/shortener/internal/repository/memory/memory.go:106.2,106.25 1 0
github.com/ar4ie13/shortener/internal/repository/memory/memory.go:106.25,108.3 1 0
github.com/ar4ie13/shortener/internal/repository/memory/memory.go:110.2,110.35 1 0
github.com/ar4ie13/shortener/internal/repository/memory/memory.go:110.35,112.3 1 0
github.com/ar4ie13/shortener/internal/repository/memory/memory.go:114.2,116.47 3 0
github.com/ar4ie13/shortener/internal/repository/memory/memory.go:116.47,118.3 1 0
github.com/ar4ie13/shortener/internal/repository/memory/memory.go:119.2,121.48 3 0
github.com/ar4ie13/shortener/internal/repository/memory/memory.go:121.48,123.3 1 0
github.com/ar4ie13/shortener/internal/repository/memory/memory.go:124.2,127.12 3 0
github.com/ar4ie13/shortener/internal/repository/memory/memory.go:131.99,134.23 2 0
github.com/ar4ie13/shortener/internal/repository/memory/memory.go:134.23,135.10 1 0
github.com/ar4ie13/shortener/internal/repository/memory/memory.go:136.62,137.41 1 0
github.com/ar4ie13/shortener/internal/repository/memory/memory.go:138.45,139.75 1 0
github.com/ar4ie13/shortener/internal/repository/memory/memory.go:140.47,141.77 1 0
github.com/ar4ie13/shortener/internal/repository/memory/memory.go:143.3,143.23 1 0
github.com/ar4ie13/shortener/internal/repository/memory/memory.go:145.2,145.47 1 0
github.com/ar4ie13/shortener/internal/repository/memory/memory.go:145.47,147.3 1 0
github.com/ar4ie13/shortener/internal/repository/memory/memory.go:148.2,148.48 1 0
github.com/ar4ie13/shortener/internal/repository/memory/memory.go:148.48,150.3 1 0
github.com/ar4ie13/shortener/internal/repository/memory/memory.go:151.2,151.24 1 0
github.com/ar4ie13/shortener/internal/repository/memory/memory.go:151.24,158.3 6 0
github.com/ar4ie13/shortener/internal/repository/memory/memory.go:160.2,160.12 1 0
github.com/ar4ie13/shortener/internal/repository/memory/memory.go:164.108,166.55 2 0
github.com/ar4ie13/shortener/internal/repository/memory/memory.go:166.55,168.3 1 0
github.com/ar4ie13/shortener/internal/repository/memory/memory.go:170.2,170.61 1 0
github.com/ar4ie13/shortener/internal/repository/memory/memory.go:170.61,171.40 1 0
github.com/ar4ie13/shortener/internal/repository/memory/memory.go:171.40,173.4 1 0
github.com/ar4ie13/shortener/internal/repository/memory/memory.go:176.2,176.20 1 0
github.com/ar4ie13/shortener/internal/repository/memory/memory.go:180.112,181.49 1 0
github.com/ar4ie13/shortener/internal/repository/memory/memory.go:181.49,183.56 1 0
github.com/ar4ie13/shortener/internal/repository/memory/memory.go:183.56,185.4 1 0
github.com/ar4ie13/shortener/internal/repository/memory/memory.go:186.3,186.30 1 0
github.com/ar4ie13/shortener/internal/repository/memory/memory.go:186.30,187.55 1 0
github.com/ar4ie13/shortener/internal/repository/memory/memory.go:187.55,188.63 1 0
github.com/ar4ie13/shortener/internal/repository/memory/memory.go:188.63,190.6 1 0
github.com/ar4ie13/shortener/internal/repository/memory/memory.go:195.2,195.12 1 0
github.com/ar4ie13/shortener/internal/service/service.go:45.61,53.2 3 0
github.com/ar4ie13/shortener/internal/service/service.go:56.100,57.20 1 0
github.com/ar4ie13/shortener/internal/service/service.go:57.20,59.3 1 0
github.com/ar4ie13/shortener/internal/service/service.go:61.2,62.32 2 0
github.com/ar4ie13/shortener/internal/service/service.go:62.32,64.3 1 0
github.com/ar4ie13/shortener/internal/service/service.go:66.2,66.20 1 0
github.com/ar4ie13/shortener/internal/service/service.go:70.104,72.16 2 0
github.com/ar4ie13/shortener/internal/service/service.go:72.16,74.3 1 0
github.com/ar4ie13/shortener/internal/service/service.go:76.2,76.20 1 0
github.com/ar4ie13/shortener/internal/service/service.go:80.109,83.19 2 0
github.com/ar4ie13/shortener/internal/service/service.go:83.19,85.3 1 0
github.com/ar4ie13/shortener/internal/service/service.go:88.2,89.16 2 0
github.com/ar4ie13/shortener/internal/service/service.go:89.16,91.3 1 0
github.com/ar4ie13/shortener/internal/service/service.go:94.2,94.63 1 0
github.com/ar4ie13/shortener/internal/service/service.go:94.63,96.3 1 0
github.com/ar4ie13/shortener/internal/service/service.go:99.2,99.26 1 0
github.com/ar4ie13/shortener/internal/service/service.go:99.26,101.3 1 0
github.com/ar4ie13/shortener/internal/service/service.go:103.2,103.44 1 0
github.com/ar4ie13/shortener/internal/service/service.go:103.44,106.17 2 0
github.com/ar4ie13/shortener/internal/service/service.go:106.17,107.20 1 0
github.com/ar4ie13/shortener/internal/service/service.go:107.20,109.5 1 0
github.com/ar4ie13/shortener/internal/service/service.go:110.4,110.12 1 0
github.com/ar4ie13/shortener/internal/service/service.go:113.3,115.17 2 0
github.com/ar4ie13/shortener/internal/service/service.go:115.17,117.4 1 0
github.com/ar4ie13/shortener/internal/service/service.go:119.3,119.43 1 0
github.com/ar4ie13/shortener/internal/service/service.go:119.43,121.18 2 0
github.com/ar4ie13/shortener/internal/service/service.go:121.18,123.5 1 0
github.com/ar4ie13/shortener/internal/service/service.go:124.4,124.37 1 0
github.com/ar4ie13/shortener/internal/service/service.go:127.3,127.19 1 0
github.com/ar4ie13/shortener/internal/service/service.go:127.19,128.49 1 0
github.com/ar4ie13/shortener/internal/service/service.go:128.49,130.5 1 0
github.com/ar4ie13/shortener/internal/service/service.go:133.2,133.16 1 0
github.com/ar4ie13/shortener/internal/service/service.go:137.110,139.23 2 0
github.com/ar4ie13/shortener/internal/service/service.go:139.23,141.17 2 0
github.com/ar4ie13/shortener/internal/service/service.go:141.17,143.4 1 0
github.com/ar4ie13/shortener/internal/service/service.go:145.3,147.20 2 0
github.com/ar4ie13/shortener/internal/service/service.go:147.20,149.4 1 0
github.com/ar4ie13/shortener/internal/service/service.go:152.3,153.17 2 0
github.com/ar4ie13/shortener/internal/service/service.go:153.17,155.4 1 0
github.com/ar4ie13/shortener/internal/service/service.go:158.3,158.64 1 0
github.com/ar4ie13/shortener/internal/service/service.go:158.64,160.4 1 0
github.com/ar4ie13/shortener/internal/service/service.go:163.3,163.27 1 0
github.com/ar4ie13/shortener/internal/service/service.go:163.27,165.4 1 0
github.com/ar4ie13/shortener/internal/service/service.go:166.3,170.4 1 0
github.com/ar4ie13/shortener/internal/service/service.go:173.2,174.16 2 0
github.com/ar4ie13/shortener/internal/service/service.go:174.16,176.3 1 0
github.com/ar4ie13/shortener/internal/service/service.go:178.2,178.20 1 0
github.com/ar4ie13/shortener/internal/service/service.go:182.51,183.17 1 0
github.com/ar4ie13/shortener/internal/service/service.go:183.17,185.3 1 0
github.com/ar4ie13/shortener/internal/service/service.go:187.2,188.26 2 0
github.com/ar4ie13/shortener/internal/service/service.go:188.26,190.3 1 0
github.com/ar4ie13/shortener/internal/service/service.go:192.2,192.30 1 0
github.com/ar4ie13/shortener/internal/service/service.go:196.100,201.2 4 0
github.com/ar4ie13/shortener/internal/service/service.go:204.66,209.36 3 0
github.com/ar4ie13/shortener/internal/service/service.go:209.36,212.13 3 0
github.com/ar4ie13/shortener/internal/service/service.go:212.13,214.32 2 0
github.com/ar4ie13/shortener/internal/service/service.go:214.32,216.5 1 0
github.com/ar4ie13/shortener/internal/service/service.go:219.2,219.12 1 0
github.com/ar4ie13/shortener/internal/service/service.go:219.12,222.3 2 0
github.com/ar4ie13/shortener/internal/service/service.go:223.2,223.16 1 0
github.com/ar4ie13/shortener/internal/service/service.go:227.37,233.6 5 0
github.com/ar4ie13/shortener/internal/service/service.go:233.6,234.10 1 0
github.com/ar4ie13/shortener/internal/service/service.go:235.25,236.31 1 0
github.com/ar4ie13/shortener/internal/service/service.go:236.31,238.5 1 0
github.com/ar4ie13/shortener/internal/service/service.go:240.19,242.36 2 0
github.com/ar4ie13/shortener/internal/service/service.go:242.36,243.13 1 0
github.com/ar4ie13/shortener/internal/service/service.go:245.4,246.18 2 0
github.com/ar4ie13/shortener/internal/service/service.go:246.18,248.5 1 0
github.com/ar4ie13/shortener/internal/service/service.go:249.4,249.53 1 0
github.com/ar4ie13/shortener/internal/auditor/auditor.go:29.69,35.46 2 0
github.com/ar4ie13/shortener/internal/auditor/auditor.go:35.46,37.17 2 0
github.com/ar4ie13/shortener/internal/auditor/auditor.go:37.17,39.4 1 0
github.com/ar4ie13/shortener/internal/auditor/auditor.go:40.3,42.25 3 0
github.com/ar4ie13/shortener/internal/auditor/auditor.go:44.2,44.50 1 0
github.com/ar4ie13/shortener/internal/auditor/auditor.go:44.50,49.3 4 0
github.com/ar4ie13/shortener/internal/auditor/auditor.go:50.2,50.16 1 0
github.com/ar4ie13/shortener/internal/auditor/auditor.go:54.38,56.2 1 0
github.com/ar4ie13/shortener/internal/auditor/auditor.go:59.73,60.15 1 0
github.com/ar4ie13/shortener/internal/auditor/auditor.go:60.15,61.40 1 0
github.com/ar4ie13/shortener/internal/auditor/auditor.go:61.40,63.18 2 0
github.com/ar4ie13/shortener/internal/auditor/auditor.go:63.18,65.5 1 0
github.com/ar4ie13/shortener/internal/auditor/file/fileaudit.go:24.98,26.16 2 0
github.com/ar4ie13/shortener/internal/auditor/file/fileaudit.go:26.16,28.3 1 0
github.com/ar4ie13/shortener/internal/auditor/file/fileaudit.go:29.2,33.8 1 0
github.com/ar4ie13/shortener/internal/auditor/file/fileaudit.go:37.87,46.16 3 0
github.com/ar4ie13/shortener/internal/auditor/file/fileaudit.go:46.16,48.3 1 0
github.com/ar4ie13/shortener/internal/auditor/file/fileaudit.go:49.2,52.16 4 0
github.com/ar4ie13/shortener/internal/auditor/file/fileaudit.go:52.16,55.3 2 0
github.com/ar4ie13/shortener/internal/auditor/file/fileaudit.go:56.2,57.16 2 0
github.com/ar4ie13/shortener/internal/auditor/file/fileaudit.go:57.16,59.3 1 0
github.com/ar4ie13/shortener/internal/auditor/file/fileaudit.go:60.2,60.12 1 0
github.com/ar4ie13/shortener/internal/auditor/remote/remoteaudit.go:23.98,28.2 1 0
github.com/ar4ie13/shortener/internal/auditor/remote/remoteaudit.go:31.89,40.16 3 0
github.com/ar4ie13/shortener/internal/auditor/remote/remoteaudit.go:40.16,43.3 2 0
github.com/ar4ie13/shortener/internal/auditor/remote/remoteaudit.go:45.2,47.16 3 0
github.com/ar4ie13/shortener/internal/auditor/remote/remoteaudit.go:47.16,51.3 2 0
github.com/ar4ie13/shortener/internal/auditor/remote/remoteaudit.go:52.2,55.16 3 0
github.com/ar4ie13/shortener/internal/auditor/remote/remoteaudit.go:55.16,58.3 2 0
github.com/ar4ie13/shortener/internal/auditor/remote/remoteaudit.go:59.2,60.12 2 0
github.com/ar4ie13/shortener/internal/auth/auth.go:28.42,32.2 1 0
github.com/ar4ie13/shortener/internal/auth/auth.go:35.44,37.2 1 0
github.com/ar4ie13/shortener/internal/auth/auth.go:40.66,53.16 3 0
github.com/ar4ie13/shortener/internal/auth/auth.go:53.16,55.3 1 0
github.com/ar4ie13/shortener/internal/auth/auth.go:57.2,57.25 1 0
github.com/ar4ie13/shortener/internal/auth/auth.go:61.71,63.16 2 0
github.com/ar4ie13/shortener/internal/auth/auth.go:63.16,64.42 1 0
github.com/ar4ie13/shortener/internal/auth/auth.go:64.42,66.18 2 0
github.com/ar4ie13/shortener/internal/auth/auth.go:66.18,68.5 1 0
github.com/ar4ie13/shortener/internal/auth/auth.go:69.4,70.18 2 0
github.com/ar4ie13/shortener/internal/auth/auth.go:70.18,72.5 1 0
github.com/ar4ie13/shortener/internal/auth/auth.go:73.9,75.4 1 0
github.com/ar4ie13/shortener/internal/auth/auth.go:77.2,77.67 1 0
github.com/ar4ie13/shortener/internal/auth/auth.go:77.67,79.3 1 0
github.com/ar4ie13/shortener/internal/auth/auth.go:81.2,81.18 1 0
github.com/ar4ie13/shortener/internal/auth/auth.go:81.18,83.3 1 0
github.com/ar4ie13/shortener/internal/auth/auth.go:84.2,84.29 1 0
github.com/ar4ie13/shortener/internal/auth/auth.go:88.81,90.101 2 0
github.com/ar4ie13/shortener/internal/auth/auth.go:90.101,91.58 1 0
github.com/ar4ie13/shortener/internal/auth/auth.go:91.58,93.4 1 0
github.com/ar4ie13/shortener/internal/auth/auth.go:94.3,94.39 1 0
github.com/ar4ie13/shortener/internal/auth/auth.go:96.2,96.16 1 0
github.com/ar4ie13/shortener/internal/auth/auth.go:96.16,98.3 1 0
github.com/ar4ie13/shortener/internal/auth/auth.go:99.2,99.27 1 0
github.com/ar4ie13/shortener/internal/config/config.go:48.26,53.2 3 0
github.com/ar4ie13/shortener/internal/config/config.go:56.44,58.2 1 0
github.com/ar4ie13/shortener/internal/config/config.go:61.52,63.17 1 0
github.com/ar4ie13/shortener/internal/config/config.go:63.17,65.3 1 0
github.com/ar4ie13/shortener/internal/config/config.go:68.2,69.16 2 0
github.com/ar4ie13/shortener/internal/config/config.go:69.16,71.3 1 0
github.com/ar4ie13/shortener/internal/config/config.go:74.2,74.63 1 0
github.com/ar4ie13/shortener/internal/config/config.go:74.63,76.3 1 0
github.com/ar4ie13/shortener/internal/config/config.go:79.2,79.26 1 0
github.com/ar4ie13/shortener/internal/config/config.go:79.26,81.3 1 0
github.com/ar4ie13/shortener/internal/config/config.go:83.2,84.12 2 0
github.com/ar4ie13/shortener/internal/config/config.go:93.36,95.2 1 0
github.com/ar4ie13/shortener/internal/config/config.go:98.44,100.16 2 0
github.com/ar4ie13/shortener/internal/config/config.go:100.16,102.3 1 0
github.com/ar4ie13/shortener/internal/config/config.go:103.2,104.12 2 0
github.com/ar4ie13/shortener/internal/config/config.go:108.31,130.58 20 0
github.com/ar4ie13/shortener/internal/config/config.go:130.58,132.3 1 0
github.com/ar4ie13/shortener/internal/config/config.go:134.2,134.64 1 0
github.com/ar4ie13/shortener/internal/config/config.go:134.64,136.3 1 0
github.com/ar4ie13/shortener/internal/config/config.go:138.2,140.65 2 0
github.com/ar4ie13/shortener/internal/config/config.go:140.65,141.69 1 0
github.com/ar4ie13/shortener/internal/config/config.go:141.69,143.59 2 0
github.com/ar4ie13/shortener/internal/config/config.go:143.59,145.5 1 0
github.com/ar4ie13/shortener/internal/config/config.go:147.3,147.33 1 0
github.com/ar4ie13/shortener/internal/config/config.go:150.2,150.53 1 0
github.com/ar4ie13/shortener/internal/config/config.go:150.53,152.17 2 0
github.com/ar4ie13/shortener/internal/config/config.go:152.17,154.4 1 0
github.com/ar4ie13/shortener/internal/config/config.go:157.2,157.62 1 0
github.com/ar4ie13/shortener/internal/config/config.go:157.62,159.17 2 0
github.com/ar4ie13/shortener/internal/config/config.go:159.17,161.4 1 0
github.com/ar4ie13/shortener/internal/config/config.go:164.2,164.70 1 0
github.com/ar4ie13/shortener/internal/config/config.go:164.70,166.3 1 0
github.com/ar4ie13/shortener/internal/config/config.go:168.2,168.65 1 0
github.com/ar4ie13/shortener/internal/config/config.go:168.65,170.3 1 0
github.com/ar4ie13/shortener/internal/config/config.go:172.2,172.59 1 0
github.com/ar4ie13/shortener/internal/config/config.go:172.59,174.3 1 0
github.com/ar4ie13/shortener/internal/config/config.go:176.2,176.83 1 0
github.com/ar4ie13/shortener/internal/config/config.go:176.83,178.17 2 0
github.com/ar4ie13/shortener/internal/config/config.go:178.17,180.4 1 0
github.com/ar4ie13/shortener/internal/config/config.go:184.2,184.67 1 0
github.com/ar4ie13/shortener/internal/config/config.go:184.67,186.3 1 0
github.com/ar4ie13/shortener/internal/config/config.go:188.2,188.64 1 0
github.com/ar4ie13/shortener/internal/config/config.go:188.64,190.3 1 0
github.com/ar4ie13/shortener/internal/config/config.go:194.69,196.16 2 0
github.com/ar4ie13/shortener/internal/config/config.go:196.16,198.3 1 0
github.com/ar4ie13/shortener/internal/config/config.go:199.2,202.45 4 0
github.com/ar4ie13/shortener/internal/config/config.go:202.45,204.3 1 0
github.com/ar4ie13/shortener/internal/config/config.go:205.2,205.12 1 0
github.com/ar4ie13/shortener/internal/config/config.go:209.46,211.2 1 0
github.com/ar4ie13/shortener/internal/config/config.go:214.47,216.2 1 0
github.com/ar4ie13/shortener/internal/config/config.go:219.46,221.2 1 0
github.com/ar4ie13/shortener/internal/handlers/auth.go:17.65,18.71 1 0
github.com/ar4ie13/shortener/internal/handlers/auth.go:18.71,25.34 3 0
github.com/ar4ie13/shortener/internal/handlers/auth.go:25.34,29.18 3 0
github.com/ar4ie13/shortener/internal/handlers/auth.go:29.18,32.5 2 0
github.com/ar4ie13/shortener/internal/handlers/auth.go:33.4,40.6 1 0
github.com/ar4ie13/shortener/internal/handlers/auth.go:41.9,44.18 2 0
github.com/ar4ie13/shortener/internal/handlers/auth.go:44.18,48.5 3 0
github.com/ar4ie13/shortener/internal/handlers/auth.go:50.3,52.40 3 0
github.com/ar4ie13/shortener/internal/handlers/gzip.go:16.63,21.2 1 0
github.com/ar4ie13/shortener/internal/handlers/gzip.go:23.47,25.2 1 0
github.com/ar4ie13/shortener/internal/handlers/gzip.go:27.55,29.2 1 0
github.com/ar4ie13/shortener/internal/handlers/gzip.go:31.54,34.2 2 0
github.com/ar4ie13/shortener/internal/handlers/gzip.go:36.40,38.2 1 0
github.com/ar4ie13/shortener/internal/handlers/gzip.go:46.66,48.16 2 0
github.com/ar4ie13/shortener/internal/handlers/gzip.go:48.16,50.3 1 0
github.com/ar4ie13/shortener/internal/handlers/gzip.go:51.2,54.8 1 0
github.com/ar4ie13/shortener/internal/handlers/gzip.go:57.60,59.2 1 0
github.com/ar4ie13/shortener/internal/handlers/gzip.go:61.40,62.36 1 0
github.com/ar4ie13/shortener/internal/handlers/gzip.go:62.36,64.3 1 0
github.com/ar4ie13/shortener/internal/handlers/gzip.go:65.2,65.21 1 0
github.com/ar4ie13/shortener/internal/handlers/gzip.go:69.65,70.71 1 0
github.com/ar4ie13/shortener/internal/handlers/gzip.go:70.71,76.19 4 0
github.com/ar4ie13/shortener/internal/handlers/gzip.go:76.19,80.4 3 0
github.com/ar4ie13/shortener/internal/handlers/gzip.go:83.3,85.16 3 0
github.com/ar4ie13/shortener/internal/handlers/gzip.go:85.16,87.18 2 0
github.com/ar4ie13/shortener/internal/handlers/gzip.go:87.18,92.5 3 0
github.com/ar4ie13/shortener/internal/handlers/gzip.go:93.4,94.20 2 0
github.com/ar4ie13/shortener/internal/handlers/gzip.go:97.3,97.24 1 0
github.com/ar4ie13/shortener/internal/handlers/handlers.go:70.87,72.2 1 1
github.com/ar4ie13/shortener/internal/handlers/handlers.go:75.41,79.39 2 0
github.com/ar4ie13/shortener/internal/handlers/handlers.go:79.39,81.3 1 0
github.com/ar4ie13/shortener/internal/handlers/handlers.go:84.2,84.39 1 0
github.com/ar4ie13/shortener/internal/handlers/handlers.go:84.39,91.45 4 0
github.com/ar4ie13/shortener/internal/handlers/handlers.go:91.45,95.49 4 0
github.com/ar4ie13/shortener/internal/handlers/handlers.go:95.49,100.5 4 0
github.com/ar4ie13/shortener/internal/handlers/handlers.go:104.2,106.80 2 0
github.com/ar4ie13/shortener/internal/handlers/handlers.go:106.80,108.3 1 0
github.com/ar4ie13/shortener/internal/handlers/handlers.go:110.2,110.12 1 0
github.com/ar4ie13/shortener/internal/handlers/handlers.go:114.77,116.16 2 1
github.com/ar4ie13/shortener/internal/handlers/handlers.go:116.16,119.3 2 0
github.com/ar4ie13/shortener/internal/handlers/handlers.go:121.2,121.22 1 1
github.com/ar4ie13/shortener/internal/handlers/handlers.go:125.47,127.51 1 1
github.com/ar4ie13/shortener/internal/handlers/handlers.go:127.51,129.3 1 1
github.com/ar4ie13/shortener/internal/handlers/handlers.go:132.2,132.46 1 0
github.com/ar4ie13/shortener/internal/handlers/handlers.go:132.46,133.30 1 0
github.com/ar4ie13/shortener/internal/handlers/handlers.go:133.30,135.4 1 0
github.com/ar4ie13/shortener/internal/handlers/handlers.go:138.2,138.39 1 0
github.com/ar4ie13/shortener/internal/handlers/handlers.go:142.66,144.16 2 1
github.com/ar4ie13/shortener/internal/handlers/handlers.go:144.16,146.3 1 0
github.com/ar4ie13/shortener/internal/handlers/handlers.go:148.2,149.34 2 1
github.com/ar4ie13/shortener/internal/handlers/handlers.go:149.34,152.3 2 0
github.com/ar4ie13/shortener/internal/handlers/handlers.go:154.2,155.16 2 1
github.com/ar4ie13/shortener/internal/handlers/handlers.go:155.16,157.21 2 0
github.com/ar4ie13/shortener/internal/handlers/handlers.go:158.28,161.18 3 0
github.com/ar4ie13/shortener/internal/handlers/handlers.go:161.18,164.5 2 0
github.com/ar4ie13/shortener/internal/handlers/handlers.go:165.4,165.10 1 0
github.com/ar4ie13/shortener/internal/handlers/handlers.go:166.30,168.10 2 0
github.com/ar4ie13/shortener/internal/handlers/handlers.go:171.3,173.9 3 0
github.com/ar4ie13/shortener/internal/handlers/handlers.go:176.2,178.48 3 1
github.com/ar4ie13/shortener/internal/handlers/handlers.go:178.48,180.3 1 0
github.com/ar4ie13/shortener/internal/handlers/handlers.go:182.2,182.54 1 1
github.com/ar4ie13/shortener/internal/handlers/handlers.go:185.70,187.16 2 1
github.com/ar4ie13/shortener/internal/handlers/handlers.go:187.16,189.3 1 0
github.com/ar4ie13/shortener/internal/handlers/handlers.go:191.2,191.56 1 1
github.com/ar4ie13/shortener/internal/handlers/handlers.go:191.56,193.3 1 0
github.com/ar4ie13/shortener/internal/handlers/handlers.go:195.2,197.26 3 1
github.com/ar4ie13/shortener/internal/handlers/handlers.go:197.26,200.3 2 0
github.com/ar4ie13/shortener/internal/handlers/handlers.go:202.2,205.40 4 1
github.com/ar4ie13/shortener/internal/handlers/handlers.go:205.40,209.3 3 0
github.com/ar4ie13/shortener/internal/handlers/handlers.go:210.2,213.16 3 1
github.com/ar4ie13/shortener/internal/handlers/handlers.go:213.16,215.21 2 1
github.com/ar4ie13/shortener/internal/handlers/handlers.go:216.28,224.42 5 1
github.com/ar4ie13/shortener/internal/handlers/handlers.go:224.42,228.5 3 0
github.com/ar4ie13/shortener/internal/handlers/handlers.go:229.4,229.10 1 1
github.com/ar4ie13/shortener/internal/handlers/handlers.go:230.30,232.10 2 0
github.com/ar4ie13/shortener/internal/handlers/handlers.go:235.3,237.9 3 0
github.com/ar4ie13/shortener/internal/handlers/handlers.go:240.2,247.40 5 1
github.com/ar4ie13/shortener/internal/handlers/handlers.go:247.40,251.3 3 0
github.com/ar4ie13/shortener/internal/handlers/handlers.go:253.2,253.53 1 1
github.com/ar4ie13/shortener/internal/handlers/handlers.go:257.65,260.16 2 1
github.com/ar4ie13/shortener/internal/handlers/handlers.go:260.16,262.3 1 0
github.com/ar4ie13/shortener/internal/handlers/handlers.go:264.2,266.16 3 1
github.com/ar4ie13/shortener/internal/handlers/handlers.go:266.16,270.3 3 0
github.com/ar4ie13/shortener/internal/handlers/handlers.go:271.2,274.44 3 1
github.com/ar4ie13/shortener/internal/handlers/handlers.go:278.82,280.16 2 0
github.com/ar4ie13/shortener/internal/handlers/handlers.go:280.16,283.3 2 0
github.com/ar4ie13/shortener/internal/handlers/handlers.go:284.2,284.30 1 0
github.com/ar4ie13/shortener/internal/handlers/handlers.go:288.75,290.16 2 0
github.com/ar4ie13/shortener/internal/handlers/handlers.go:290.16,293.3 2 0
github.com/ar4ie13/shortener/internal/handlers/handlers.go:296.2,296.68 1 0
github.com/ar4ie13/shortener/internal/handlers/handlers.go:296.68,297.58 1 0
github.com/ar4ie13/shortener/internal/handlers/handlers.go:297.58,300.4 2 0
github.com/ar4ie13/shortener/internal/handlers/handlers.go:303.2,306.60 3 0
github.com/ar4ie13/shortener/internal/handlers/handlers.go:306.60,310.3 3 0
github.com/ar4ie13/shortener/internal/handlers/handlers.go:312.2,312.19 1 0
github.com/ar4ie13/shortener/internal/handlers/handlers.go:312.19,315.3 2 0
github.com/ar4ie13/shortener/internal/handlers/handlers.go:318.2,319.21 2 0
github.com/ar4ie13/shortener/internal/handlers/handlers.go:319.21,324.3 1 0
github.com/ar4ie13/shortener/internal/handlers/handlers.go:326.2,327.16 2 0
github.com/ar4ie13/shortener/internal/handlers/handlers.go:327.16,330.51 3 0
github.com/ar4ie13/shortener/internal/handlers/handlers.go:330.51,332.4 1 0
github.com/ar4ie13/shortener/internal/handlers/handlers.go:333.3,333.9 1 0
github.com/ar4ie13/shortener/internal/handlers/handlers.go:337.2,339.29 3 0
github.com/ar4ie13/shortener/internal/handlers/handlers.go:339.29,344.3 1 0
github.com/ar4ie13/shortener/internal/handlers/handlers.go:346.2,349.55 3 0
github.com/ar4ie13/shortener/internal/handlers/handlers.go:349.55,352.3 1 0
github.com/ar4ie13/shortener/internal/handlers/handlers.go:356.75,358.16 2 1
github.com/ar4ie13/shortener/internal/handlers/handlers.go:358.16,360.3 1 0
github.com/ar4ie13/shortener/internal/handlers/handlers.go:362.2,363.16 2 1
github.com/ar4ie13/shortener/internal/handlers/handlers.go:363.16,365.21 2 0
github.com/ar4ie13/shortener/internal/handlers/handlers.go:366.30,368.10 2 0
github.com/ar4ie13/shortener/internal/handlers/handlers.go:370.29,372.10 2 0
github.com/ar4ie13/shortener/internal/handlers/handlers.go:375.3,377.9 3 0
github.com/ar4ie13/shortener/internal/handlers/handlers.go:380.2,382.30 2 1
github.com/ar4ie13/shortener/internal/handlers/handlers.go:382.30,384.3 1 1
github.com/ar4ie13/shortener/internal/handlers/handlers.go:386.2,389.40 4 1
github.com/ar4ie13/shortener/internal/handlers/handlers.go:389.40,393.3 3 0
github.com/ar4ie13/shortener/internal/handlers/handlers.go:397.78,399.16 2 0
github.com/ar4ie13/shortener/internal/handlers/handlers.go:399.16,402.3 2 0
github.com/ar4ie13/shortener/internal/handlers/handlers.go:404.2,405.16 2 0
github.com/ar4ie13/shortener/internal/handlers/handlers.go:405.16,409.3 3 0
github.com/ar4ie13/shortener/internal/handlers/handlers.go:410.2,417.16 4 0
github.com/ar4ie13/shortener/internal/handlers/handlers.go:417.16,421.3 3 0
github.com/ar4ie13/shortener/internal/handlers/handlers.go:423.2,425.36 2 0
github.com/ar4ie13/shortener/internal/handlers/logger.go:22.62,26.2 3 0
github.com/ar4ie13/shortener/internal/handlers/logger.go:29.61,32.2 2 0
github.com/ar4ie13/shortener/internal/handlers/logger.go:35.64,36.71 1 0
github.com/ar4ie13/shortener/internal/handlers/logger.go:36.71,60.3 5 0
github.com/ar4ie13/shortener/internal/logger/logger.go:17.45,24.2 1 0
github.com/ar4ie13/shortener/internal/repository/repository.go:29.31,30.9 1 0
github.com/ar4ie13/shortener/internal/repository/repository.go:31.31,33.17 2 0
github.com/ar4ie13/shortener/internal/repository/repository.go:33.17,35.4 1 0
github.com/ar4ie13/shortener/internal/repository/repository.go:36.3,38.17 3 0
github.com/ar4ie13/shortener/internal/repository/repository.go:38.17,40.4 1 0
github.com/ar4ie13/shortener/internal/repository/repository.go:41.3,42.17 2 0
github.com/ar4ie13/shortener/internal/repository/repository.go:43.31,46.17 3 0
github.com/ar4ie13/shortener/internal/repository/repository.go:46.17,48.4 1 0
github.com/ar4ie13/shortener/internal/repository/repository.go:49.3,50.24 2 0
github.com/ar4ie13/shortener/internal/repository/repository.go:51.10,53.37 2 0
github.com/ar4ie13/shortener/internal/repository/db/postgresql/db.go:29.86,31.16 2 0
github.com/ar4ie13/shortener/internal/repository/db/postgresql/db.go:31.16,33.3 1 0
github.com/ar4ie13/shortener/internal/repository/db/postgresql/db.go:34.2,37.8 1 0
github.com/ar4ie13/shortener/internal/repository/db/postgresql/db.go:41.78,43.16 2 0
github.com/ar4ie13/shortener/internal/repository/db/postgresql/db.go:43.16,45.3 1 0
github.com/ar4ie13/shortener/internal/repository/db/postgresql/db.go:46.2,47.16 2 0
github.com/ar4ie13/shortener/internal/repository/db/postgresql/db.go:47.16,49.3 1 0
github.com/ar4ie13/shortener/internal/repository/db/postgresql/db.go:50.2,50.38 1 0
github.com/ar4ie13/shortener/internal/repository/db/postgresql/db.go:50.38,52.3 1 0
github.com/ar4ie13/shortener/internal/repository/db/postgresql/db.go:53.2,53.18 1 0
github.com/ar4ie13/shortener/internal/repository/db/postgresql/db.go:57.29,60.2 2 0
github.com/ar4ie13/shortener/internal/repository/db/postgresql/db.go:63.97,68.15 3 0
github.com/ar4ie13/shortener/internal/repository/db/postgresql/db.go:68.15,71.3 2 0
github.com/ar4ie13/shortener/internal/repository/db/postgresql/db.go:73.2,76.16 3 0
github.com/ar4ie13/shortener/internal/repository/db/postgresql/db.go:76.16,77.10 1 0
github.com/ar4ie13/shortener/internal/repository/db/postgresql/db.go:78.38,79.35 1 0
github.com/ar4ie13/shortener/internal/repository/db/postgresql/db.go:80.11,81.67 1 0
github.com/ar4ie13/shortener/internal/repository/db/postgresql/db.go:85.2,85.22 1 0
github.com/ar4ie13/shortener/internal/repository/db/postgresql/db.go:89.92,94.15 4 0
github.com/ar4ie13/shortener/internal/repository/db/postgresql/db.go:94.15,97.3 2 0
github.com/ar4ie13/shortener/internal/repository/db/postgresql/db.go:99.2,102.16 3 0
github.com/ar4ie13/shortener/internal/repository/db/postgresql/db.go:102.16,103.10 1 0
github.com/ar4ie13/shortener/internal/repository/db/postgresql/db.go:104.38,105.35 1 0
github.com/ar4ie13/shortener/internal/repository/db/postgresql/db.go:106.11,107.67 1 0
github.com/ar4ie13/shortener/internal/repository/db/postgresql/db.go:110.2,110.15 1 0
github.com/ar4ie13/shortener/internal/repository/db/postgresql/db.go:110.15,112.3 1 0
github.com/ar4ie13/shortener/internal/repository/db/postgresql/db.go:114.2,114.25 1 0
github.com/ar4ie13/shortener/internal/repository/db/postgresql/db.go:118.104,120.41 1 0
github.com/ar4ie13/shortener/internal/repository/db/postgresql/db.go:120.41,122.3 1 0
github.com/ar4ie13/shortener/internal/repository/db/postgresql/db.go:124.2,129.15 3 0
github.com/ar4ie13/shortener/internal/repository/db/postgresql/db.go:129.15,132.3 2 0
github.com/ar4ie13/shortener/internal/repository/db/postgresql/db.go:134.2,135.16 2 0
github.com/ar4ie13/shortener/internal/repository/db/postgresql/db.go:135.16,137.72 2 0
github.com/ar4ie13/shortener/internal/repository/db/postgresql/db.go:137.72,138.11 1 0
github.com/ar4ie13/shortener/internal/repository/db/postgresql/db.go:139.64,140.90 1 0
github.com/ar4ie13/shortener/internal/repository/db/postgresql/db.go:141.61,142.92 1 0
github.com/ar4ie13/shortener/internal/repository/db/postgresql/db.go:145.3,145.51 1 0
github.com/ar4ie13/shortener/internal/repository/db/postgresql/db.go:148.2,150.12 2 0
github.com/ar4ie13/shortener/internal/repository/db/postgresql/db.go:154.91,158.26 3 0
github.com/ar4ie13/shortener/internal/repository/db/postgresql/db.go:158.26,166.3 2 0
github.com/ar4ie13/shortener/internal/repository/db/postgresql/db.go:168.2,171.26 3 0
github.com/ar4ie13/shortener/internal/repository/db/postgresql/db.go:171.26,173.17 2 0
github.com/ar4ie13/shortener/internal/repository/db/postgresql/db.go:173.17,175.73 2 0
github.com/ar4ie13/shortener/internal/repository/db/postgresql/db.go:175.73,177.5 1 0
github.com/ar4ie13/shortener/internal/repository/db/postgresql/db.go:178.4,178.54 1 0
github.com/ar4ie13/shortener/internal/repository/db/postgresql/db.go:182.2,182.24 1 0
github.com/ar4ie13/shortener/internal/repository/db/postgresql/db.go:186.100,190.15 3 0
github.com/ar4ie13/shortener/internal/repository/db/postgresql/db.go:190.15,193.3 2 0
github.com/ar4ie13/shortener/internal/repository/db/postgresql/db.go:195.2,196.16 2 0
github.com/ar4ie13/shortener/internal/repository/db/postgresql/db.go:196.16,198.3 1 0
github.com/ar4ie13/shortener/internal/repository/db/postgresql/db.go:200.2,201.18 2 0
github.com/ar4ie13/shortener/internal/repository/db/postgresql/db.go:201.18,206.17 4 0
github.com/ar4ie13/shortener/internal/repository/db/postgresql/db.go:206.17,208.4 1 0
github.com/ar4ie13/shortener/internal/repository/db/postgresql/db.go:209.3,209.40 1 0
github.com/ar4ie13/shortener/internal/repository/db/postgresql/db.go:212.2,213.16 2 0
github.com/ar4ie13/shortener/internal/repository/db/postgresql/db.go:213.16,215.3 1 0
github.com/ar4ie13/shortener/internal/repository/db/postgresql/db.go:217.2,217.29 1 0
github.com/ar4ie13/shortener/internal/repository/db/postgresql/db.go:217.29,219.3 1 0
github.com/ar4ie13/shortener/internal/repository/db/postgresql/db.go:221.2,221.27 1 0
github.com/ar4ie13/shortener/internal/repository/db/postgresql/db.go:225.104,230.33 3 0
github.com/ar4ie13/shortener/internal/repository/db/postgresql/db.go:230.33,232.3 1 0
github.com/ar4ie13/shortener/internal/repository/db/postgresql/db.go:234.2,236.38 3 0
github.com/ar4ie13/shortener/internal/repository/db/postgresql/db.go:236.38,237.20 1 0
github.com/ar4ie13/shortener/internal/repository/db/postgresql/db.go:237.20,243.4 2 0
github.com/ar4ie13/shortener/internal/repository/db/postgresql/db.go:246.2,249.30 3 0
github.com/ar4ie13/shortener/internal/repository/db/postgresql/db.go:249.30,251.17 2 0
github.com/ar4ie13/shortener/internal/repository/db/postgresql/db.go:251.17,253.4 1 0
github.com/ar4ie13/shortener/internal/repository/db/postgresql/db.go:256.2,256.24 1 0
github.com/ar4ie13/shortener/internal/repository/db/postgresql/migrations.go:22.70,24.16 2 0
github.com/ar4ie13/shortener/internal/repository/db/postgresql/migrations.go:24.16,26.3 1 0
github.com/ar4ie13/shortener/internal/repository/db/postgresql/migrations.go:28.2,30.16 3 0
github.com/ar4ie13/shortener/internal/repository/db/postgresql/migrations.go:30.16,32.3 1 0
github.com/ar4ie13/shortener/internal/repository/db/postgresql/migrations.go:33.2,33.15 1 0
github.com/ar4ie13/shortener/internal/repository/db/postgresql/migrations.go:33.15,34.39 1 0
github.com/ar4ie13/shortener/internal/repository/db/postgresql/migrations.go:34.39,36.4 1 0
github.com/ar4ie13/shortener/internal/repository/db/postgresql/migrations.go:39.2,40.16 2 0
github.com/ar4ie13/shortener/internal/repository/db/postgresql/migrations.go:40.16,42.3 1 0
github.com/ar4ie13/shortener/internal/repository/db/postgresql/migrations.go:44.2,44.30 1 0
github.com/ar4ie13/shortener/internal/repository/db/postgresql/migrations.go:44.30,45.43 1 0
github.com/ar4ie13/shortener/internal/repository/db/postgresql/migrations.go:45.43,47.4 1 0
github.com/ar4ie13/shortener/internal/repository/db/postgresql/migrations.go:48.3,49.13 2 0
github.com/ar4ie13/shortener/internal/repository/db/postgresql/migrations.go:51.2,53.12 2 0
github.com/ar4ie13/shortener/internal/repository/filestorage/filestorage.go:28.81,36.2 1 0
github.com/ar4ie13/shortener/internal/repository/filestorage/filestorage.go:39.37,41.16 2 0
github.com/ar4ie13/shortener/internal/repository/filestorage/filestorage.go:41.16,43.3 1 0
github.com/ar4ie13/shortener/internal/repository/filestorage/filestorage.go:45.2,45.12 1 0
github.com/ar4ie13/shortener/internal/repository/filestorage/filestorage.go:49.85,51.16 2 0
github.com/ar4ie13/shortener/internal/repository/filestorage/filestorage.go:51.16,53.3 1 0
github.com/ar4ie13/shortener/internal/repository/filestorage/filestorage.go:55.2,55.21 1 0
github.com/ar4ie13/shortener/internal/repository/filestorage/filestorage.go:59.93,61.16 2 0
github.com/ar4ie13/shortener/internal/repository/filestorage/filestorage.go:61.16,63.3 1 0
github.com/ar4ie13/shortener/internal/repository/filestorage/filestorage.go:65.2,65.18 1 0
github.com/ar4ie13/shortener/internal/repository/filestorage/filestorage.go:69.105,70.64 1 0
github.com/ar4ie13/shortener/internal/repository/filestorage/filestorage.go:70.64,72.3 1 0
github.com/ar4ie13/shortener/internal/repository/filestorage/filestorage.go:74.2,74.58 1 0
github.com/ar4ie13/shortener/internal/repository/filestorage/filestorage.go:74.58,76.3 1 0
github.com/ar4ie13/shortener/internal/repository/filestorage/filestorage.go:78.2,78.12 1 0
github.com/ar4ie13/shortener/internal/repository/filestorage/filestorage.go:82.85,93.16 9 0
github.com/ar4ie13/shortener/internal/repository/filestorage/filestorage.go:93.16,95.3 1 0
github.com/ar4ie13/shortener/internal/repository/filestorage/filestorage.go:96.2,99.16 3 0
github.com/ar4ie13/shortener/internal/repository/filestorage/filestorage.go:99.16,101.3 1 0
github.com/ar4ie13/shortener/internal/repository/filestorage/filestorage.go:102.2,103.16 2 0
github.com/ar4ie13/shortener/internal/repository/filestorage/filestorage.go:103.16,105.3 1 0
github.com/ar4ie13/shortener/internal/repository/filestorage/filestorage.go:106.2,107.16 2 0
github.com/ar4ie13/shortener/internal/repository/filestorage/filestorage.go:107.16,109.3 1 0
github.com/ar4ie13/shortener/internal/repository/filestorage/filestorage.go:111.2,111.12 1 0
github.com/ar4ie13/shortener/internal/repository/filestorage/filestorage.go:115.41,120.16 4 0
github.com/ar4ie13/shortener/internal/repository/filestorage/filestorage.go:120.16,121.25 1 0
github.com/ar4ie13/shortener/internal/repository/filestorage/filestorage.go:121.25,124.4 1 0
github.com/ar4ie13/shortener/internal/repository/filestorage/filestorage.go:125.3,125.13 1 0
github.com/ar4ie13/shortener/internal/repository/filestorage/filestorage.go:128.2,128.20 1 0
github.com/ar4ie13/shortener/internal/repository/filestorage/filestorage.go:128.20,130.3 1 0
github.com/ar4ie13/shortener/internal/repository/filestorage/filestorage.go:132.2,135.6 3 0
github.com/ar4ie13/shortener/internal/repository/filestorage/filestorage.go:135.6,139.17 2 0
github.com/ar4ie13/shortener/internal/repository/filestorage/filestorage.go:139.17,141.28 1 0
github.com/ar4ie13/shortener/internal/repository/filestorage/filestorage.go:141.28,142.10 1 0
github.com/ar4ie13/shortener/internal/repository/filestorage/filestorage.go:144.4,145.14 2 0
github.com/ar4ie13/shortener/internal/repository/filestorage/filestorage.go:147.3,147.62 1 0
github.com/ar4ie13/shortener/internal/repository/filestorage/filestorage.go:147.62,149.4 1 0
github.com/ar4ie13/shortener/internal/repository/filestorage/filestorage.go:150.3,150.63 1 0
github.com/ar4ie13/shortener/internal/repository/filestorage/filestorage.go:150.63,152.4 1 0
github.com/ar4ie13/shortener/internal/repository/filestorage/filestorage.go:154.3,160.132 7 0
github.com/ar4ie13/shortener/internal/repository/filestorage/filestorage.go:164.2,165.12 2 0
github.com/ar4ie13/shortener/internal/repository/filestorage/filestorage.go:169.100,173.16 4 0
github.com/ar4ie13/shortener/internal/repository/filestorage/filestorage.go:173.16,175.3 1 0
github.com/ar4ie13/shortener/internal/repository/filestorage/filestorage.go:177.2,178.16 2 0
github.com/ar4ie13/shortener/internal/repository/filestorage/filestorage.go:178.16,180.3 1 0
github.com/ar4ie13/shortener/internal/repository/filestorage/filestorage.go:181.2,183.23 2 0
github.com/ar4ie13/shortener/internal/repository/filestorage/filestorage.go:183.23,191.17 7 0
github.com/ar4ie13/shortener/internal/repository/filestorage/filestorage.go:191.17,193.4 1 0
github.com/ar4ie13/shortener/internal/repository/filestorage/filestorage.go:194.3,195.17 2 0
github.com/ar4ie13/shortener/internal/repository/filestorage/filestorage.go:195.17,197.4 1 0
github.com/ar4ie13/shortener/internal/repository/filestorage/filestorage.go:198.3,199.17 2 0
github.com/ar4ie13/shortener/internal/repository/filestorage/filestorage.go:199.17,201.4 1 0
github.com/ar4ie13/shortener/internal/repository/filestorage/filestorage.go:204.2,204.12 1 0
github.com/ar4ie13/shortener/internal/repository/filestorage/filestorage.go:208.109,210.16 2 0
github.com/ar4ie13/shortener/internal/repository/filestorage/filestorage.go:210.16,212.3 1 0
github.com/ar4ie13/shortener/internal/repository/filestorage/filestorage.go:213.2,213.20 1 0
github.com/ar4ie13/shortener/internal/repository/filestorage/filestorage.go:217.113,219.16 2 0
github.com/ar4ie13/shortener/internal/repository/filestorage/filestorage.go:219.16,221.3 1 0
github.com/ar4ie13/shortener/internal/repository/filestorage/filestorage.go:222.2,226.16 4 0
github.com/ar4ie13/shortener/internal/repository/filestorage/filestorage.go:226.16,228.3 1 0
github.com/ar4ie13/shortener/internal/repository/filestorage/filestorage.go:229.2,231.46 2 0
github.com/ar4ie13/shortener/internal/repository/filestorage/filestorage.go:231.46,232.36 1 0
github.com/ar4ie13/shortener/internal/repository/filestorage/filestorage.go:232.36,234.46 2 0
github.com/ar4ie13/shortener/internal/repository/filestorage/filestorage.go:234.46,235.25 1 0
github.com/ar4ie13/shortener/internal/repository/filestorage/filestorage.go:235.25,238.6 2 0
github.com/ar4ie13/shortener/internal/repository/filestorage/filestorage.go:241.4,245.18 4 0
github.com/ar4ie13/shortener/internal/repository/filestorage/filestorage.go:245.18,247.5 1 0
github.com/ar4ie13/shortener/internal/repository/filestorage/filestorage.go:248.4,249.18 2 0
github.com/ar4ie13/shortener/internal/repository/filestorage/filestorage.go:249.18,251.5 1 0
github.com/ar4ie13/shortener/internal/repository/filestorage/filestorage.go:252.4,253.18 2 0
github.com/ar4ie13/shortener/internal/repository/filestorage/filestorage.go:253.18,255.5 1 0
github.com/ar4ie13/shortener/internal/repository/filestorage/filestorage.go:259.2,259.12 1 0
github.com/ar4ie13/shortener/internal/repository/memory/memory.go:40.34,49.2 1 0
github.com/ar4ie13/shortener/internal/repository/memory/memory.go:52.84,53.46 1 0
github.com/ar4ie13/shortener/internal/repository/memory/memory.go:53.46,54.43 1 0
github.com/ar4ie13/shortener/internal/repository/memory/memory.go:54.43,56.4 1 0
github.com/ar4ie13/shortener/internal/repository/memory/memory.go:56.9,58.4 1 0
github.com/ar4ie13/shortener/internal/repository/memory/memory.go:61.2,61.33 1 0
github.com/ar4ie13/shortener/internal/repository/memory/memory.go:65.92,66.48 1 0
github.com/ar4ie13/shortener/internal/repository/memory/memory.go:66.48,67.37 1 0
github.com/ar4ie13/shortener/internal/repository/memory/memory.go:67.37,69.4 1 0
github.com/ar4ie13/shortener/internal/repository/memory/memory.go:73.2,73.33 1 0
github.com/ar4ie13/shortener/internal/repository/memory/memory.go:77.52,78.40 1 0
github.com/ar4ie13/shortener/internal/repository/memory/memory.go:78.40,79.37 1 0
github.com/ar4ie13/shortener/internal/repository/memory/memory.go:79.37,81.4 1 0
github.com/ar4ie13/shortener/internal/repository/memory/memory.go:85.2,85.14 1 0
github.com/ar4ie13/shortener/internal/repository/memory/memory.go:89.62,90.46 1 0
github.com/ar4ie13/shortener/internal/repository/memory/memory.go:90.46,91.44 1 0
github.com/ar4ie13/shortener/internal/repository/memory/memory.go:91.44,93.4 1 0
github.com/ar4ie13/shortener/internal/repository/memory/memory.go:96.2,96.14 1 0
github.com/ar4ie13/shortener/internal/repository/memory/memory.go:100.104,102.33 1 0
github.com/ar4ie13/shortener/internal/repository/memory/memory.go:102.33,104.3 1 0
github.com/ar4ie13/shortener/internal/repository/memory/memory.go:106.2,106.25 1 0
github.com/ar4ie13/shortener/internal/repository/memory/memory.go:106.25,108.3 1 0
github.com/ar4ie13/shortener/internal/repository/memory/memory.go:110.2,110.35 1 0
github.com/ar4ie13/shortener/internal/repository/memory/memory.go:110.35,112.3 1 0
github.com/ar4ie13/shortener/internal/repository/memory/memory.go:114.2,116.47 3 0
github.com/ar4ie13/shortener/internal/repository/memory/memory.go:116.47,118.3 1 0
github.com/ar4ie13/shortener/internal/repository/memory/memory.go:119.2,121.48 3 0
github.com/ar4ie13/shortener/internal/repository/memory/memory.go:121.48,123.3 1 0
github.com/ar4ie13/shortener/internal/repository/memory/memory.go:124.2,127.12 3 0
github.com/ar4ie13/shortener/internal/repository/memory/memory.go:131.99,134.23 2 0
github.com/ar4ie13/shortener/internal/repository/memory/memory.go:134.23,135.10 1 0
github.com/ar4ie13/shortener/internal/repository/memory/memory.go:136.62,137.41 1 0
github.com/ar4ie13/shortener/internal/repository/memory/memory.go:138.45,139.75 1 0
github.com/ar4ie13/shortener/internal/repository/memory/memory.go:140.47,141.77 1 0
github.com/ar4ie13/shortener/internal/repository/memory/memory.go:143.3,143.23 1 0
github.com/ar4ie13/shortener/internal/repository/memory/memory.go:145.2,145.47 1 0
github.com/ar4ie13/shortener/internal/repository/memory/memory.go:145.47,147.3 1 0
github.com/ar4ie13/shortener/internal/repository/memory/memory.go:148.2,148.48 1 0
github.com/ar4ie13/shortener/internal/repository/memory/memory.go:148.48,150.3 1 0
github.com/ar4ie13/shortener/internal/repository/memory/memory.go:151.2,151.24 1 0
github.com/ar4ie13/shortener/internal/repository/memory/memory.go:151.24,158.3 6 0
github.com/ar4ie13/shortener/internal/repository/memory/memory.go:160.2,160.12 1 0
github.com/ar4ie13/shortener/internal/repository/memory/memory.go:164.108,166.55 2 0
github.com/ar4ie13/shortener/internal/repository/memory/memory.go:166.55,168.3 1 0
github.com/ar4ie13/shortener/internal/repository/memory/memory.go:170.2,170.61 1 0
github.com/ar4ie13/shortener/internal/repository/memory/memory.go:170.61,171.40 1 0
github.com/ar4ie13/shortener/internal/repository/memory/memory.go:171.40,173.4 1 0
github.com/ar4ie13/shortener/internal/repository/memory/memory.go:176.2,176.20 1 0
github.com/ar4ie13/shortener/internal/repository/memory/memory.go:180.112,181.49 1 0
github.com/ar4ie13/shortener/internal/repository/memory/memory.go:181.49,183.56 1 0
github.com/ar4ie13/shortener/internal/repository/memory/memory.go:183.56,185.4 1 0
github.com/ar4ie13/shortener/internal/repository/memory/memory.go:186.3,186.30 1 0
github.com/ar4ie13/shortener/internal/repository/memory/memory.go:186.30,187.55 1 0
github.com/ar4ie13/shortener/internal/repository/memory/memory.go:187.55,188.63 1 0
github.com/ar4ie13/shortener/internal/repository/memory/memory.go:188.63,190.6 1 0
github.com/ar4ie13/shortener/internal/repository/memory/memory.go:195.2,195.12 1 0
github.com/ar4ie13/shortener/internal/service/service.go:45.61,53.2 3 0
github.com/ar4ie13/shortener/internal/service/service.go:56.100,57.20 1 0
github.com/ar4ie13/shortener/internal/service/service.go:57.20,59.3 1 0
github.com/ar4ie13/shortener/internal/service/service.go:61.2,62.32 2 0
github.com/ar4ie13/shortener/internal/service/service.go:62.32,64.3 1 0
github.com/ar4ie13/shortener/internal/service/service.go:66.2,66.20 1 0
github.com/ar4ie13/shortener/internal/service/service.go:70.104,72.16 2 0
github.com/ar4ie13/shortener/internal/service/service.go:72.16,74.3 1 0
github.com/ar4ie13/shortener/internal/service/service.go:76.2,76.20 1 0
github.com/ar4ie13/shortener/internal/service/service.go:80.109,83.19 2 0
github.com/ar4ie13/shortener/internal/service/service.go:83.19,85.3 1 0
github.com/ar4ie13/shortener/internal/service/service.go:88.2,89.16 2 0
github.com/ar4ie13/shortener/internal/service/service.go:89.16,91.3 1 0
github.com/ar4ie13/shortener/internal/service/service.go:94.2,94.63 1 0
github.com/ar4ie13/shortener/internal/service/service.go:94.63,96.3 1 0
github.com/ar4ie13/shortener/internal/service/service.go:99.2,99.26 1 0
github.com/ar4ie13/shortener/internal/service/service.go:99.26,101.3 1 0
github.com/ar4ie13/shortener/internal/service/service.go:103.2,103.44 1 0
github.com/ar4ie13/shortener/internal/service/service.go:103.44,106.17 2 0
github.com/ar4ie13/shortener/internal/service/service.go:106.17,107.20 1 0
github.com/ar4ie13/shortener/internal/service/service.go:107.20,109.5 1 0
github.com/ar4ie13/shortener/internal/service/service.go:110.4,110.12 1 0
github.com/ar4ie13/shortener/internal/service/service.go:113.3,115.17 2 0
github.com/ar4ie13/shortener/internal/service/service.go:115.17,117.4 1 0
github.com/ar4ie13/shortener/internal/service/service.go:119.3,119.43 1 0
github.com/ar4ie13/shortener/internal/service/service.go:119.43,121.18 2 0
github.com/ar4ie13/shortener/internal/service/service.go:121.18,123.5 1 0
github.com/ar4ie13/shortener/internal/service/service.go:124.4,124.37 1 0
github.com/ar4ie13/shortener/internal/service/service.go:127.3,127.19 1 0
[...]
github.com/ar4ie13/shortener/internal/repository/db/postgresql/db.go:173.17,175.73 2 0
github.com/ar4ie13/shortener/internal/repository/db/postgresql/db.go:175.73,177.5 1 0
github.com/ar4ie13/shortener/internal/repository/db/postgresql/db.go:178.4,178.54 1 0
github.com/ar4ie13/shortener/internal/repository/db/postgresql/db.go:182.2,182.24 1 0
github.com/ar4ie13/shortener/internal/repository/db/postgresql/db.go:186.100,190.15 3 0
github.com/ar4ie13/shortener/internal/repository/db/postgresql/db.go:190.15,193.3 2 0
github.com/ar4ie13/shortener/internal/repository/db/postgresql/db.go:195.2,196.16 2 0
github.com/ar4ie13/shortener/internal/repository/db/postgresql/db.go:196.16,198.3 1 0
github.com/ar4ie13/shortener/internal/repository/db/postgresql/db.go:200.2,201.18 2 0
github.com/ar4ie13/shortener/internal/repository/db/postgresql/db.go:201.18,206.17 4 0
github.com/ar4ie13/shortener/internal/repository/db/postgresql/db.go:206.17,208.4 1 0
github.com/ar4ie13/shortener/internal/repository/db/postgresql/db.go:209.3,209.40 1 0
github.com/ar4ie13/shortener/internal/repository/db/postgresql/db.go:212.2,213.16 2 0
github.com/ar4ie13/shortener/internal/repository/db/postgresql/db.go:213.16,215.3 1 0
github.com/ar4ie13/shortener/internal/repository/db/postgresql/db.go:217.2,217.29 1 0
github.com/ar4ie13/shortener/internal/repository/db/postgresql/db.go:217.29,219.3 1 0
github.com/ar4ie13/shortener/internal/repository/db/postgresql/db.go:221.2,221.27 1 0
github.com/ar4ie13/shortener/internal/repository/db/postgresql/db.go:225.104,230.33 3 0
github.com/ar4ie13/shortener/internal/repository/db/postgresql/db.go:230.33,232.3 1 0
github.com/ar4ie13/shortener/internal/repository/db/postgresql/db.go:234.2,236.38 3 0
github.com/ar4ie13/shortener/internal/repository/db/postgresql/db.go:236.38,237.20 1 0
github.com/ar4ie13/shortener/internal/repository/db/postgresql/db.go:237.20,243.4 2 0
github.com/ar4ie13/shortener/internal/repository/db/postgresql/db.go:246.2,249.30 3 0
github.com/ar4ie13/shortener/internal/repository/db/postgresql/db.go:249.30,251.17 2 0
github.com/ar4ie13/shortener/internal/repository/db/postgresql/db.go:251.17,253.4 1 0
github.com/ar4ie13/shortener/internal/repository/db/postgresql/db.go:256.2,256.24 1 0
github.com/ar4ie13/shortener/internal/repository/db/postgresql/migrations.go:22.70,24.16 2 0
github.com/ar4ie13/shortener/internal/repository/db/postgresql/migrations.go:24.16,26.3 1 0
github.com/ar4ie13/shortener/internal/repository/db/postgresql/migrations.go:28.2,30.16 3 0
github.com/ar4ie13/shortener/internal/repository/db/postgresql/migrations.go:30.16,32.3 1 0
github.com/ar4ie13/shortener/internal/repository/db/postgresql/migrations.go:33.2,33.15 1 0
github.com/ar4ie13/shortener/internal/repository/db/postgresql/migrations.go:33.15,34.39 1 0
github.com/ar4ie13/shortener/internal/repository/db/postgresql/migrations.go:34.39,36.4 1 0
github.com/ar4ie13/shortener/internal/repository/db/postgresql/migrations.go:39.2,40.16 2 0
github.com/ar4ie13/shortener/internal/repository/db/postgresql/migrations.go:40.16,42.3 1 0
github.com/ar4ie13/shortener/internal/repository/db/postgresql/migrations.go:44.2,44.30 1 0
github.com/ar4ie13/shortener/internal/repository/db/postgresql/migrations.go:44.30,45.43 1 0
github.com/ar4ie13/shortener/internal/repository/db/postgresql/migrations.go:45.43,47.4 1 0
github.com/ar4ie13/shortener/internal/repository/db/postgresql/migrations.go:48.3,49.13 2 0
github.com/ar4ie13/shortener/internal/repository/db/postgresql/migrations.go:51.2,53.12 2 0
github.com/ar4ie13/shortener/internal/repository/filestorage/filestorage.go:28.81,36.2 1 1
github.com/ar4ie13/shortener/internal/repository/filestorage/filestorage.go:39.37,41.16 2 0
github.com/ar4ie13/shortener/internal/repository/filestorage/filestorage.go:41.16,43.3 1 0
github.com/ar4ie13/shortener/internal/repository/filestorage/filestorage.go:45.2,45.12 1 0
github.com/ar4ie13/shortener/internal/repository/filestorage/filestorage.go:49.85,51.16 2 1
github.com/ar4ie13/shortener/internal/repository/filestorage/filestorage.go:51.16,53.3 1 1
github.com/ar4ie13/shortener/internal/repository/filestorage/filestorage.go:55.2,55.21 1 1
github.com/ar4ie13/shortener/internal/repository/filestorage/filestorage.go:59.93,61.16 2 1
github.com/ar4ie13/shortener/internal/repository/filestorage/filestorage.go:61.16,63.3 1 0
github.com/ar4ie13/shortener/internal/repository/filestorage/filestorage.go:65.2,65.18 1 1
github.com/ar4ie13/shortener/internal/repository/filestorage/filestorage.go:69.105,70.64 1 1
github.com/ar4ie13/shortener/internal/repository/filestorage/filestorage.go:70.64,72.3 1 1
github.com/ar4ie13/shortener/internal/repository/filestorage/filestorage.go:74.2,74.58 1 1
github.com/ar4ie13/shortener/internal/repository/filestorage/filestorage.go:74.58,76.3 1 0
github.com/ar4ie13/shortener/internal/repository/filestorage/filestorage.go:78.2,78.12 1 1
github.com/ar4ie13/shortener/internal/repository/filestorage/filestorage.go:82.85,93.16 9 1
github.com/ar4ie13/shortener/internal/repository/filestorage/filestorage.go:93.16,95.3 1 0
github.com/ar4ie13/shortener/internal/repository/filestorage/filestorage.go:96.2,99.16 3 1
github.com/ar4ie13/shortener/internal/repository/filestorage/filestorage.go:99.16,101.3 1 0
github.com/ar4ie13/shortener/internal/repository/filestorage/filestorage.go:102.2,103.16 2 1
github.com/ar4ie13/shortener/internal/repository/filestorage/filestorage.go:103.16,105.3 1 0
github.com/ar4ie13/shortener/internal/repository/filestorage/filestorage.go:106.2,107.16 2 1
github.com/ar4ie13/shortener/internal/repository/filestorage/filestorage.go:107.16,109.3 1 0
github.com/ar4ie13/shortener/internal/repository/filestorage/filestorage.go:111.2,111.12 1 1
github.com/ar4ie13/shortener/internal/repository/filestorage/filestorage.go:115.41,120.16 4 1
github.com/ar4ie13/shortener/internal/repository/filestorage/filestorage.go:120.16,121.25 1 1
github.com/ar4ie13/shortener/internal/repository/filestorage/filestorage.go:121.25,124.4 1 1
github.com/ar4ie13/shortener/internal/repository/filestorage/filestorage.go:125.3,125.13 1 0
github.com/ar4ie13/shortener/internal/repository/filestorage/filestorage.go:128.2,128.20 1 1
github.com/ar4ie13/shortener/internal/repository/filestorage/filestorage.go:128.20,130.3 1 1
github.com/ar4ie13/shortener/internal/repository/filestorage/filestorage.go:132.2,135.6 3 1
github.com/ar4ie13/shortener/internal/repository/filestorage/filestorage.go:135.6,139.17 2 1
github.com/ar4ie13/shortener/internal/repository/filestorage/filestorage.go:139.17,141.28 1 1
github.com/ar4ie13/shortener/internal/repository/filestorage/filestorage.go:141.28,142.10 1 1
github.com/ar4ie13/shortener/internal/repository/filestorage/filestorage.go:144.4,145.14 2 1
github.com/ar4ie13/shortener/internal/repository/filestorage/filestorage.go:147.3,147.62 1 1
github.com/ar4ie13/shortener/internal/repository/filestorage/filestorage.go:147.62,149.4 1 1
github.com/ar4ie13/shortener/internal/repository/filestorage/filestorage.go:150.3,150.63 1 1
github.com/ar4ie13/shortener/internal/repository/filestorage/filestorage.go:150.63,152.4 1 1
github.com/ar4ie13/shortener/internal/repository/filestorage/filestorage.go:154.3,160.132 7 1
github.com/ar4ie13/shortener/internal/repository/filestorage/filestorage.go:164.2,165.12 2 1
github.com/ar4ie13/shortener/internal/repository/filestorage/filestorage.go:169.100,173.16 4 1
github.com/ar4ie13/shortener/internal/repository/filestorage/filestorage.go:173.16,175.3 1 0
github.com/ar4ie13/shortener/internal/repository/filestorage/filestorage.go:177.2,178.16 2 1
github.com/ar4ie13/shortener/internal/repository/filestorage/filestorage.go:178.16,180.3 1 0
github.com/ar4ie13/shortener/internal/repository/filestorage/filestorage.go:181.2,183.23 2 1
github.com/ar4ie13/shortener/internal/repository/filestorage/filestorage.go:183.23,191.17 7 1
github.com/ar4ie13/shortener/internal/repository/filestorage/filestorage.go:191.17,193.4 1 0
github.com/ar4ie13/shortener/internal/repository/filestorage/filestorage.go:194.3,195.17 2 1
github.com/ar4ie13/shortener/internal/repository/filestorage/filestorage.go:195.17,197.4 1 0
github.com/ar4ie13/shortener/internal/repository/filestorage/filestorage.go:198.3,199.17 2 1
github.com/ar4ie13/shortener/internal/repository/filestorage/filestorage.go:199.17,201.4 1 0
github.com/ar4ie13/shortener/internal/repository/filestorage/filestorage.go:204.2,204.12 1 1
github.com/ar4ie13/shortener/internal/repository/filestorage/filestorage.go:208.109,210.16 2 1
github.com/ar4ie13/shortener/internal/repository/filestorage/filestorage.go:210.16,212.3 1 1
github.com/ar4ie13/shortener/internal/repository/filestorage/filestorage.go:213.2,213.20 1 1
github.com/ar4ie13/shortener/internal/repository/filestorage/filestorage.go:217.113,219.16 2 1
github.com/ar4ie13/shortener/internal/repository/filestorage/filestorage.go:219.16,221.3 1 0
github.com/ar4ie13/shortener/internal/repository/filestorage/filestorage.go:222.2,226.16 4 1
github.com/ar4ie13/shortener/internal/repository/filestorage/filestorage.go:226.16,228.3 1 0
github.com/ar4ie13/shortener/internal/repository/filestorage/filestorage.go:229.2,231.46 2 1
github.com/ar4ie13/shortener/internal/repository/filestorage/filestorage.go:231.46,232.36 1 1
github.com/ar4ie13/shortener/internal/repository/filestorage/filestorage.go:232.36,234.46 2 1
github.com/ar4ie13/shortener/internal/repository/filestorage/filestorage.go:234.46,235.25 1 1
github.com/ar4ie13/shortener/internal/repository/filestorage/filestorage.go:235.25,238.6 2 1
github.com/ar4ie13/shortener/internal/repository/filestorage/filestorage.go:241.4,245.18 4 1
github.com/ar4ie13/shortener/internal/repository/filestorage/filestorage.go:245.18,247.5 1 0
github.com/ar4ie13/shortener/internal/repository/filestorage/filestorage.go:248.4,249.18 2 1
github.com/ar4ie13/shortener/internal/repository/filestorage/filestorage.go:249.18,251.5 1 0
github.com/ar4ie13/shortener/internal/repository/filestorage/filestorage.go:252.4,253.18 2 1
github.com/ar4ie13/shortener/internal/repository/filestorage/filestorage.go:253.18,255.5 1 0
github.com/ar4ie13/shortener/internal/repository/filestorage/filestorage.go:259.2,259.12 1 1
github.com/ar4ie13/shortener/internal/repository/memory/memory.go:40.34,49.2 1 1
github.com/ar4ie13/shortener/internal/repository/memory/memory.go:52.84,53.46 1 1
github.com/ar4ie13/shortener/internal/repository/memory/memory.go:53.46,54.43 1 1
github.com/ar4ie13/shortener/internal/repository/memory/memory.go:54.43,56.4 1 1
github.com/ar4ie13/shortener/internal/repository/memory/memory.go:56.9,58.4 1 1
github.com/ar4ie13/shortener/internal/repository/memory/memory.go:61.2,61.33 1 0
github.com/ar4ie13/shortener/internal/repository/memory/memory.go:65.92,66.48 1 1
github.com/ar4ie13/shortener/internal/repository/memory/memory.go:66.48,67.37 1 1
github.com/ar4ie13/shortener/internal/repository/memory/memory.go:67.37,69.4 1 1
github.com/ar4ie13/shortener/internal/repository/memory/memory.go:73.2,73.33 1 0
github.com/ar4ie13/shortener/internal/repository/memory/memory.go:77.52,78.40 1 1
github.com/ar4ie13/shortener/internal/repository/memory/memory.go:78.40,79.37 1 0
github.com/ar4ie13/shortener/internal/repository/memory/memory.go:79.37,81.4 1 0
github.com/ar4ie13/shortener/internal/repository/memory/memory.go:85.2,85.14 1 1
github.com/ar4ie13/shortener/internal/repository/memory/memory.go:89.62,90.46 1 1
github.com/ar4ie13/shortener/internal/repository/memory/memory.go:90.46,91.44 1 0
github.com/ar4ie13/shortener/internal/repository/memory/memory.go:91.44,93.4 1 0
github.com/ar4ie13/shortener/internal/repository/memory/memory.go:96.2,96.14 1 1
github.com/ar4ie13/shortener/internal/repository/memory/memory.go:100.104,102.33 1 1
github.com/ar4ie13/shortener/internal/repository/memory/memory.go:102.33,104.3 1 1
github.com/ar4ie13/shortener/internal/repository/memory/memory.go:106.2,106.25 1 1
github.com/ar4ie13/shortener/internal/repository/memory/memory.go:106.25,108.3 1 0
github.com/ar4ie13/shortener/internal/repository/memory/memory.go:110.2,110.35 1 1
github.com/ar4ie13/shortener/internal/repository/memory/memory.go:110.35,112.3 1 0
github.com/ar4ie13/shortener/internal/repository/memory/memory.go:114.2,116.47 3 1
github.com/ar4ie13/shortener/internal/repository/memory/memory.go:116.47,118.3 1 1
github.com/ar4ie13/shortener/internal/repository/memory/memory.go:119.2,121.48 3 1
github.com/ar4ie13/shortener/internal/repository/memory/memory.go:121.48,123.3 1 1
github.com/ar4ie13/shortener/internal/repository/memory/memory.go:124.2,127.12 3 1
github.com/ar4ie13/shortener/internal/repository/memory/memory.go:131.99,134.23 2 1
github.com/ar4ie13/shortener/internal/repository/memory/memory.go:134.23,135.10 1 1
github.com/ar4ie13/shortener/internal/repository/memory/memory.go:136.62,137.41 1 0
github.com/ar4ie13/shortener/internal/repository/memory/memory.go:138.45,139.75 1 0
github.com/ar4ie13/shortener/internal/repository/memory/memory.go:140.47,141.77 1 0
github.com/ar4ie13/shortener/internal/repository/memory/memory.go:143.3,143.23 1 1
github.com/ar4ie13/shortener/internal/repository/memory/memory.go:145.2,145.47 1 1
github.com/ar4ie13/shortener/internal/repository/memory/memory.go:145.47,147.3 1 1
github.com/ar4ie13/shortener/internal/repository/memory/memory.go:148.2,148.48 1 1
github.com/ar4ie13/shortener/internal/repository/memory/memory.go:148.48,150.3 1 1
github.com/ar4ie13/shortener/internal/repository/memory/memory.go:151.2,151.24 1 1
github.com/ar4ie13/shortener/internal/repository/memory/memory.go:151.24,158.3 6 1
github.com/ar4ie13/shortener/internal/repository/memory/memory.go:160.2,160.12 1 1
github.com/ar4ie13/shortener/internal/repository/memory/memory.go:164.108,166.55 2 1
github.com/ar4ie13/shortener/internal/repository/memory/memory.go:166.55,168.3 1 1
github.com/ar4ie13/shortener/internal/repository/memory/memory.go:170.2,170.61 1 1
github.com/ar4ie13/shortener/internal/repository/memory/memory.go:170.61,171.40 1 1
github.com/ar4ie13/shortener/internal/repository/memory/memory.go:171.40,173.4 1 1
github.com/ar4ie13/shortener/internal/repository/memory/memory.go:176.2,176.20 1 1
github.com/ar4ie13/shortener/internal/repository/memory/memory.go:180.112,181.49 1 1
github.com/ar4ie13/shortener/internal/repository/memory/memory.go:181.49,183.56 1 1
github.com/ar4ie13/shortener/internal/repository/memory/memory.go:183.56,185.4 1 0
github.com/ar4ie13/shortener/internal/repository/memory/memory.go:186.3,186.30 1 1
github.com/ar4ie13/shortener/internal/repository/memory/memory.go:186.30,187.55 1 1
github.com/ar4ie13/shortener/internal/repository/memory/memory.go:187.55,188.63 1 1
github.com/ar4ie13/shortener/internal/repository/memory/memory.go:188.63,190.6 1 1
github.com/ar4ie13/shortener/internal/repository/memory/memory.go:195.2,195.12 1 1
github.com/ar4ie13/shortener/internal/service/service.go:45.61,53.2 3 0
github.com/ar4ie13/shortener/internal/service/service.go:56.100,57.20 1 0
github.com/ar4ie13/shortener/internal/service/service.go:57.20,59.3 1 0
github.com/ar4ie13/shortener/internal/service/service.go:61.2,62.32 2 0
github.com/ar4ie13/shortener/internal/service/service.go:62.32,64.3 1 0
github.com/ar4ie13/shortener/internal/service/service.go:66.2,66.20 1 0
github.com/ar4ie13/shortener/internal/service/service.go:70.104,72.16 2 0
github.com/ar4ie13/shortener/internal/service/service.go:72.16,74.3 1 0
github.com/ar4ie13/shortener/internal/service/service.go:76.2,76.20 1 0
github.com/ar4ie13/shortener/internal/service/service.go:80.109,83.19 2 0
github.com/ar4ie13/shortener/internal/service/service.go:83.19,85.3 1 0
github.com/ar4ie13/shortener/internal/service/service.go:88.2,89.16 2 0
github.com/ar4ie13/shortener/internal/service/service.go:89.16,91.3 1 0
github.com/ar4ie13/shortener/internal/service/service.go:94.2,94.63 1 0
github.com/ar4ie13/shortener/internal/service/service.go:94.63,96.3 1 0
github.com/ar4ie13/shortener/internal/service/service.go:99.2,99.26 1 0
github.com/ar4ie13/shortener/internal/service/service.go:99.26,101.3 1 0
github.com/ar4ie13/shortener/internal/service/service.go:103.2,103.44 1 0
github.com/ar4ie13/shortener/internal/service/service.go:103.44,106.17 2 0
github.com/ar4ie13/shortener/internal/service/service.go:106.17,107.20 1 0
github.com/ar4ie13/shortener/internal/service/service.go:107.20,109.5 1 0
github.com/ar4ie13/shortener/internal/service/service.go:110.4,110.12 1 0
github.com/ar4ie13/shortener/internal/service/service.go:113.3,115.17 2 0
github.com/ar4ie13/shortener/internal/service/service.go:115.17,117.4 1 0
github.com/ar4ie13/shortener/internal/service/service.go:119.3,119.43 1 0
github.com/ar4ie13/shortener/internal/service/service.go:119.43,121.18 2 0
github.com/ar4ie13/shortener/internal/service/service.go:121.18,123.5 1 0
github.com/ar4ie13/shortener/internal/service/service.go:124.4,124.37 1 0
github.com/ar4ie13/shortener/internal/service/service.go:127.3,127.19 1 0
github.com/ar4ie13/shortener/internal/service/service.go:127.19,128.49 1 0
github.com/ar4ie13/shortener/internal/service/service.go:128.49,130.5 1 0
github.com/ar4ie13/shortener/internal/service/service.go:133.2,133.16 1 0
github.com/ar4ie13/shortener/internal/service/service.go:137.110,139.23 2 0
github.com/ar4ie13/shortener/internal/service/service.go:139.23,141.17 2 0
github.com/ar4ie13/shortener/internal/service/service.go:141.17,143.4 1 0
github.com/ar4ie13/shortener/internal/service/service.go:145.3,147.20 2 0
github.com/ar4ie13/shortener/internal/service/service.go:147.20,149.4 1 0
github.com/ar4ie13/shortener/internal/service/service.go:152.3,153.17 2 0
github.com/ar4ie13/shortener/internal/service/service.go:153.17,155.4 1 0
github.com/ar4ie13/shortener/internal/service/service.go:158.3,158.64 1 0
github.com/ar4ie13/shortener/internal/service/service.go:158.64,160.4 1 0
github.com/ar4ie13/shortener/internal/service/service.go:163.3,163.27 1 0
github.com/ar4ie13/shortener/internal/service/service.go:163.27,165.4 1 0
github.com/ar4ie13/shortener/internal/service/service.go:166.3,170.4 1 0
github.com/ar4ie13/shortener/internal/service/service.go:173.2,174.16 2 0
github.com/ar4ie13/shortener/internal/service/service.go:174.16,176.3 1 0
github.com/ar4ie13/shortener/internal/service/service.go:178.2,178.20 1 0
github.com/ar4ie13/shortener/internal/service/service.go:182.51,183.17 1 0
github.com/ar4ie13/shortener/internal/service/service.go:183.17,185.3 1 0
github.com/ar4ie13/shortener/internal/service/service.go:187.2,188.26 2 0
github.com/ar4ie13/shortener/internal/service/service.go:188.26,190.3 1 0
github.com/ar4ie13/shortener/internal/service/service.go:192.2,192.30 1 0
github.com/ar4ie13/shortener/internal/service/service.go:196.100,201.2 4 0
github.com/ar4ie13/shortener/internal/service/service.go:204.66,209.36 3 0
github.com/ar4ie13/shortener/internal/service/service.go:209.36,212.13 3 0
github.com/ar4ie13/shortener/internal/service/service.go:212.13,214.32 2 0
github.com/ar4ie13/shortener/internal/service/service.go:214.32,216.5 1 0
github.com/ar4ie13/shortener/internal/service/service.go:219.2,219.12 1 0
github.com/ar4ie13/shortener/internal/service/service.go:219.12,222.3 2 0
github.com/ar4ie13/shortener/internal/service/service.go:223.2,223.16 1 0
github.com/ar4ie13/shortener/internal/service/service.go:227.37,233.6 5 0
github.com/ar4ie13/shortener/internal/service/service.go:233.6,234.10 1 0
github.com/ar4ie13/shortener/internal/service/service.go:235.25,236.31 1 0
github.com/ar4ie13/shortener/internal/service/service.go:236.31,238.5 1 0
github.com/ar4ie13/shortener/internal/service/service.go:240.19,242.36 2 0
github.com/ar4ie13/shortener/internal/service/service.go:242.36,243.13 1 0
github.com/ar4ie13/shortener/internal/service/service.go:245.4,246.18 2 0
github.com/ar4ie13/shortener/internal/service/service.go:246.18,248.5 1 0
github.com/ar4ie13/shortener/internal/service/service.go:249.4,249.53 1 0
